ARM GAS  /cygdrive/c/Users/embedded/AppData/Local/Temp/ccNr6Uab.s 			page 1


   1              		.code	16
   2              		.file	"mainMenu.c"
   3              		.section	.debug_abbrev,"",%progbits
   4              	.Ldebug_abbrev0:
   5              		.section	.debug_info,"",%progbits
   6              	.Ldebug_info0:
   7              		.section	.debug_line,"",%progbits
   8              	.Ldebug_line0:
   9 0000 A2000000 		.text
   9      02006100 
   9      00000201 
   9      FB0E0D00 
   9      01010101 
  10              	.Ltext0:
  11              		.section	.rodata.str1.4,"aMS",%progbits,1
  12              		.align	2
  13              	.LC0:
  14 0000 21544554 		.ascii	"!TETRYS!\000"
  14      52595321 
  14      00
  15 0009 000000   		.align	2
  16              	.LC2:
  17 000c 4752414A 		.ascii	"GRAJ\000"
  17      00
  18 0011 000000   		.align	2
  19              	.LC4:
  20 0014 4155544F 		.ascii	"AUTORZY\000"
  20      525A5900 
  21              		.align	2
  22              	.LC6:
  23 001c 52455354 		.ascii	"RESTART\000"
  23      41525400 
  24              		.align	2
  25              	.LC8:
  26 0024 54574F52 		.ascii	"TWORCY:\012\000"
  26      43593A0A 
  26      00
  27 002d 000000   		.align	2
  28              	.LC10:
  29 0030 416E746F 		.ascii	"Antoni Karwowski\012\000"
  29      6E69204B 
  29      6172776F 
  29      77736B69 
  29      0A00
  30 0042 0000     		.align	2
  31              	.LC12:
  32 0044 50696F74 		.ascii	"Piotr Tomczak\012\000"
  32      7220546F 
  32      6D637A61 
  32      6B0A00
  33 0053 00       		.align	2
  34              	.LC14:
  35 0054 4D696368 		.ascii	"Michal Gebel\000"
  35      616C2047 
  35      6562656C 
  35      00
  36 0061 000000   		.text
ARM GAS  /cygdrive/c/Users/embedded/AppData/Local/Temp/ccNr6Uab.s 			page 2


  37              		.align	2
  38              		.global	drawMainMenu
  39              		.code 16
  40              		.thumb_func
  41              		.type	drawMainMenu, %function
  42              	drawMainMenu:
  43              	.LFB2:
  44              		.file 1 "mainMenu.c"
   1:mainMenu.c    **** /*
   2:mainMenu.c    ****  * mainMenu.c
   3:mainMenu.c    ****  *
   4:mainMenu.c    ****  *  Created on: May 21, 2021
   5:mainMenu.c    ****  *      Author: embedded
   6:mainMenu.c    ****  */
   7:mainMenu.c    **** #include "../pre_emptive_os/api/osapi.h"
   8:mainMenu.c    **** #include "../pre_emptive_os/api/general.h"
   9:mainMenu.c    **** #include <printf_P.h>
  10:mainMenu.c    **** #include <ea_init.h>
  11:mainMenu.c    **** #include <stdlib.h>
  12:mainMenu.c    **** #include "lcd.h"
  13:mainMenu.c    **** #include "key.h"
  14:mainMenu.c    **** #include "select.h"
  15:mainMenu.c    **** #include "tetris.h"
  16:mainMenu.c    **** #include "../startup/lpc2xxx.h"
  17:mainMenu.c    **** #include "eeprom.h"
  18:mainMenu.c    **** //#include "music.h"
  19:mainMenu.c    **** 
  20:mainMenu.c    **** #include "select.h"
  21:mainMenu.c    **** 
  22:mainMenu.c    **** 
  23:mainMenu.c    **** void drawMainMenu(){
  45              		.loc 1 23 0
  46 0000 30B5     		push	{r4, r5, lr}
  47              	.LCFI0:
  48 0002 95B0     		sub	sp, sp, #84
  49              	.LCFI1:
  24:mainMenu.c    **** 	lcdRect(0, 0, 130, 130, 53);
  50              		.loc 1 24 0
  51 0004 3523     		mov	r3, #53
  52 0006 0093     		str	r3, [sp]
  53 0008 0020     		mov	r0, #0
  54 000a 0021     		mov	r1, #0
  55 000c 8222     		mov	r2, #130
  56 000e 8223     		mov	r3, #130
  57 0010 FFF7FEFF 		bl	lcdRect
  25:mainMenu.c    **** 	tBool isEnd;
  26:mainMenu.c    **** 	tMenu mainMenu;
  27:mainMenu.c    **** 	tBool mainMenuFlag = TRUE;
  28:mainMenu.c    **** 
  29:mainMenu.c    **** 	tU8 xd[2];
  30:mainMenu.c    **** 	tU8 xxd[2];
  31:mainMenu.c    **** 	xd[0] = 'X';
  58              		.loc 1 31 0
  59 0014 6946     		mov	r1, sp
  60 0016 5231     		add	r1, r1, #82
  61 0018 5823     		mov	r3, #88
  62 001a 0B70     		strb	r3, [r1]
ARM GAS  /cygdrive/c/Users/embedded/AppData/Local/Temp/ccNr6Uab.s 			page 3


  32:mainMenu.c    **** 	xd[1] = 'D';
  63              		.loc 1 32 0
  64 001c 4423     		mov	r3, #68
  65 001e 4B70     		strb	r3, [r1, #1]
  33:mainMenu.c    **** 	eepromWrite(0x0000, xd, sizeof(xd));
  66              		.loc 1 33 0
  67 0020 0222     		mov	r2, #2
  68 0022 0020     		mov	r0, #0
  69 0024 FFF7FEFF 		bl	eepromWrite
  34:mainMenu.c    **** 
  35:mainMenu.c    **** 	mainMenu.xPos = 5;
  70              		.loc 1 35 0
  71 0028 08AA     		add	r2, sp, #32
  72 002a 0523     		mov	r3, #5
  73 002c 1370     		strb	r3, [r2]
  36:mainMenu.c    **** 	mainMenu.yPos = 26;
  74              		.loc 1 36 0
  75 002e 1A23     		mov	r3, #26
  76 0030 5370     		strb	r3, [r2, #1]
  37:mainMenu.c    **** 	mainMenu.xLen = 6+(14*8);
  77              		.loc 1 37 0
  78 0032 7623     		mov	r3, #118
  79 0034 9370     		strb	r3, [r2, #2]
  38:mainMenu.c    **** 	mainMenu.yLen = 5*14;
  80              		.loc 1 38 0
  81 0036 4623     		mov	r3, #70
  82 0038 D370     		strb	r3, [r2, #3]
  39:mainMenu.c    **** 	mainMenu.noOfChoices = 4;
  83              		.loc 1 39 0
  84 003a 0423     		mov	r3, #4
  85 003c 1371     		strb	r3, [r2, #4]
  40:mainMenu.c    **** 	mainMenu.initialChoice = 0;
  41:mainMenu.c    **** 	mainMenu.pHeaderText = "!TETRYS!";
  86              		.loc 1 41 0
  87 003e 2B4B     		ldr	r3, .L13
  88 0040 0A93     		str	r3, [sp, #40]
  42:mainMenu.c    **** 	mainMenu.headerTextXpos = 31;
  89              		.loc 1 42 0
  90 0042 1F23     		mov	r3, #31
  91 0044 1373     		strb	r3, [r2, #12]
  43:mainMenu.c    **** 	mainMenu.pChoice[0] = "GRAJ";
  92              		.loc 1 43 0
  93 0046 2A4B     		ldr	r3, .L13+4
  94 0048 0C93     		str	r3, [sp, #48]
  44:mainMenu.c    **** 	mainMenu.pChoice[1] = "AUTORZY";
  95              		.loc 1 44 0
  96 004a 2A4B     		ldr	r3, .L13+8
  97              		.loc 1 40 0
  98 004c 0025     		mov	r5, #0
  99              		.loc 1 44 0
 100 004e 0D93     		str	r3, [sp, #52]
  45:mainMenu.c    **** 	mainMenu.pChoice[2] = "RESTART";
  46:mainMenu.c    **** 	eepromPageRead(0x0000, xxd, sizeof(xd));
 101              		.loc 1 46 0
 102 0050 14AC     		add	r4, sp, #80
 103              		.loc 1 45 0
 104 0052 294B     		ldr	r3, .L13+12
ARM GAS  /cygdrive/c/Users/embedded/AppData/Local/Temp/ccNr6Uab.s 			page 4


 105              		.loc 1 40 0
 106 0054 5571     		strb	r5, [r2, #5]
 107              		.loc 1 46 0
 108 0056 0020     		mov	r0, #0
 109 0058 0222     		mov	r2, #2
 110 005a 211C     		mov	r1, r4
 111              		.loc 1 45 0
 112 005c 0E93     		str	r3, [sp, #56]
 113              		.loc 1 46 0
 114 005e FFF7FEFF 		bl	eepromPageRead
  47:mainMenu.c    **** 	mainMenu.pChoice[3] = xxd;
  48:mainMenu.c    **** 
  49:mainMenu.c    **** 	mainMenu.bgColor       = 0x0;
 115              		.loc 1 49 0
 116 0062 12AB     		add	r3, sp, #72
  50:mainMenu.c    **** 	mainMenu.borderColor   = 0x6d;
 117              		.loc 1 50 0
 118 0064 6D22     		mov	r2, #109
 119              		.loc 1 49 0
 120 0066 1D70     		strb	r5, [r3]
 121              		.loc 1 50 0
 122 0068 0133     		add	r3, r3, #1
 123 006a 1A70     		strb	r2, [r3]
  51:mainMenu.c    **** 	mainMenu.headerColor   = 0x0;
 124              		.loc 1 51 0
 125 006c 0133     		add	r3, r3, #1
 126 006e 1D70     		strb	r5, [r3]
  52:mainMenu.c    **** 	mainMenu.choicesColor  = 0xfd;
 127              		.loc 1 52 0
 128 0070 6A46     		mov	r2, sp
 129 0072 0323     		mov	r3, #3
 130 0074 5B42     		neg	r3, r3
 131 0076 4B32     		add	r2, r2, #75
 132 0078 1370     		strb	r3, [r2]
  53:mainMenu.c    **** 	mainMenu.selectedColor = 0xe0;
 133              		.loc 1 53 0
 134 007a 2023     		mov	r3, #32
 135 007c 5B42     		neg	r3, r3
 136 007e 13AA     		add	r2, sp, #76
 137              		.loc 1 47 0
 138 0080 0F94     		str	r4, [sp, #60]
 139              		.loc 1 53 0
 140 0082 1370     		strb	r3, [r2]
 141              	.L12:
  54:mainMenu.c    **** 
  55:mainMenu.c    **** 	while(mainMenuFlag){
  56:mainMenu.c    **** //		switchMusic(1);
  57:mainMenu.c    **** 		lcdClrscr();
 142              		.loc 1 57 0
 143 0084 FFF7FEFF 		bl	lcdClrscr
  58:mainMenu.c    **** 		switch(drawMenu(mainMenu)){
 144              		.loc 1 58 0
 145 0088 0CAB     		add	r3, sp, #48
 146 008a 6A46     		mov	r2, sp
 147 008c 13CB     		ldmia	r3!, {r0, r1, r4}
 148 008e 13C2     		stmia	r2!, {r0, r1, r4}
 149 0090 13CB     		ldmia	r3!, {r0, r1, r4}
ARM GAS  /cygdrive/c/Users/embedded/AppData/Local/Temp/ccNr6Uab.s 			page 5


 150 0092 13C2     		stmia	r2!, {r0, r1, r4}
 151 0094 03CB     		ldmia	r3!, {r0, r1}
 152 0096 03C2     		stmia	r2!, {r0, r1}
 153 0098 0898     		ldr	r0, [sp, #32]
 154 009a 0999     		ldr	r1, [sp, #36]
 155 009c 0A9A     		ldr	r2, [sp, #40]
 156 009e 0B9B     		ldr	r3, [sp, #44]
 157 00a0 FFF7FEFF 		bl	drawMenu
 158 00a4 0128     		cmp	r0, #1
 159 00a6 07D0     		beq	.L4
 160 00a8 0128     		cmp	r0, #1
 161 00aa 02D3     		bcc	.L3
 162 00ac 0228     		cmp	r0, #2
 163 00ae E9D1     		bne	.L12
 164 00b0 17E0     		b	.L6
 165              	.L3:
  59:mainMenu.c    **** 		case 0:
  60:mainMenu.c    **** 			playTetris(); break;
 166              		.loc 1 60 0
 167 00b2 FFF7FEFF 		bl	playTetris
 168 00b6 E5E7     		b	.L12
 169              	.L4:
  61:mainMenu.c    **** 		case 1:
  62:mainMenu.c    **** 			lcdClrscr();
 170              		.loc 1 62 0
 171 00b8 FFF7FEFF 		bl	lcdClrscr
  63:mainMenu.c    **** 			lcdPuts("TWORCY:\n");
 172              		.loc 1 63 0
 173 00bc 0F48     		ldr	r0, .L13+16
 174 00be FFF7FEFF 		bl	lcdPuts
  64:mainMenu.c    **** 			lcdPuts("Antoni Karwowski\n");
 175              		.loc 1 64 0
 176 00c2 0F48     		ldr	r0, .L13+20
 177 00c4 FFF7FEFF 		bl	lcdPuts
  65:mainMenu.c    **** 			lcdPuts("Piotr Tomczak\n");
 178              		.loc 1 65 0
 179 00c8 0E48     		ldr	r0, .L13+24
 180 00ca FFF7FEFF 		bl	lcdPuts
  66:mainMenu.c    **** 			lcdPuts("Michal Gebel");
 181              		.loc 1 66 0
 182 00ce 0E48     		ldr	r0, .L13+28
 183 00d0 FFF7FEFF 		bl	lcdPuts
  67:mainMenu.c    **** 			osSleep(400);
 184              		.loc 1 67 0
 185 00d4 C820     		mov	r0, #200
 186 00d6 4000     		lsl	r0, r0, #1
 187 00d8 FFF7FEFF 		bl	osSleep
  68:mainMenu.c    **** 			lcdClrscr();
 188              		.loc 1 68 0
 189 00dc FFF7FEFF 		bl	lcdClrscr
 190 00e0 D0E7     		b	.L12
 191              	.L6:
  69:mainMenu.c    **** 			break;
  70:mainMenu.c    **** 		case 2:
  71:mainMenu.c    **** 			mainMenuFlag = FALSE;
  72:mainMenu.c    **** 			break;
  73:mainMenu.c    **** 		}
ARM GAS  /cygdrive/c/Users/embedded/AppData/Local/Temp/ccNr6Uab.s 			page 6


  74:mainMenu.c    **** 	}
  75:mainMenu.c    **** }
 192              		.loc 1 75 0
 193 00e2 15B0     		add	sp, sp, #84
 194              		@ sp needed for prologue
 195 00e4 30BC     		pop	{r4, r5}
 196 00e6 01BC     		pop	{r0}
 197 00e8 0047     		bx	r0
 198              	.L14:
 199 00ea 0000     		.align	2
 200              	.L13:
 201 00ec 00000000 		.word	.LC0
 202 00f0 0C000000 		.word	.LC2
 203 00f4 14000000 		.word	.LC4
 204 00f8 1C000000 		.word	.LC6
 205 00fc 24000000 		.word	.LC8
 206 0100 30000000 		.word	.LC10
 207 0104 44000000 		.word	.LC12
 208 0108 54000000 		.word	.LC14
 209              	.LFE2:
 210              		.size	drawMainMenu, .-drawMainMenu
 211              		.section	.debug_frame,"",%progbits
 212              	.Lframe0:
 213 0000 0C000000 		.4byte	.LECIE0-.LSCIE0
 214              	.LSCIE0:
 215 0004 FFFFFFFF 		.4byte	0xffffffff
 216 0008 01       		.byte	0x1
 217 0009 00       		.ascii	"\000"
 218 000a 01       		.uleb128 0x1
 219 000b 7C       		.sleb128 -4
 220 000c 0E       		.byte	0xe
 221 000d 0C       		.byte	0xc
 222 000e 0D       		.uleb128 0xd
 223 000f 00       		.uleb128 0x0
 224              		.align	2
 225              	.LECIE0:
 226              	.LSFDE0:
 227 0010 18000000 		.4byte	.LEFDE0-.LASFDE0
 228              	.LASFDE0:
 229 0014 00000000 		.4byte	.Lframe0
 230 0018 00000000 		.4byte	.LFB2
 231 001c 0C010000 		.4byte	.LFE2-.LFB2
 232 0020 42       		.byte	0x4
 233              		.4byte	.LCFI0-.LFB2
 234 0021 0E       		.byte	0xe
 235 0022 0C       		.uleb128 0xc
 236 0023 84       		.byte	0x84
 237 0024 03       		.uleb128 0x3
 238 0025 85       		.byte	0x85
 239 0026 02       		.uleb128 0x2
 240 0027 8E       		.byte	0x8e
 241 0028 01       		.uleb128 0x1
 242 0029 42       		.byte	0x4
 243              		.4byte	.LCFI1-.LCFI0
 244 002a 0E       		.byte	0xe
 245 002b 60       		.uleb128 0x60
 246              		.align	2
ARM GAS  /cygdrive/c/Users/embedded/AppData/Local/Temp/ccNr6Uab.s 			page 7


 247              	.LEFDE0:
 248              		.file 2 "./startup/../pre_emptive_os/api/../api/general.h"
 249              		.file 3 "select.h"
 250              		.text
 251              	.Letext0:
 252              		.section	.debug_loc,"",%progbits
 253              	.Ldebug_loc0:
 254              	.LLST0:
 255 0000 00000000 		.4byte	.LFB2-.Ltext0
 256 0004 02000000 		.4byte	.LCFI0-.Ltext0
 257 0008 0100     		.2byte	0x1
 258 000a 5D       		.byte	0x5d
 259 000b 02000000 		.4byte	.LCFI0-.Ltext0
 260 000f 04000000 		.4byte	.LCFI1-.Ltext0
 261 0013 0200     		.2byte	0x2
 262 0015 7D       		.byte	0x7d
 263 0016 0C       		.sleb128 12
 264 0017 04000000 		.4byte	.LCFI1-.Ltext0
 265 001b 0C010000 		.4byte	.LFE2-.Ltext0
 266 001f 0300     		.2byte	0x3
 267 0021 7D       		.byte	0x7d
 268 0022 E000     		.sleb128 96
 269 0024 00000000 		.4byte	0x0
 270 0028 00000000 		.4byte	0x0
 271              		.section	.debug_info
 272 0000 DE010000 		.4byte	0x1de
 273 0004 0200     		.2byte	0x2
 274 0006 00000000 		.4byte	.Ldebug_abbrev0
 275 000a 04       		.byte	0x4
 276 000b 01       		.uleb128 0x1
 277 000c 00000000 		.4byte	.Ldebug_line0
 278 0010 0C010000 		.4byte	.Letext0
 279 0014 00000000 		.4byte	.Ltext0
 280 0018 38010000 		.4byte	.LASF29
 281 001c 01       		.byte	0x1
 282 001d C1000000 		.4byte	.LASF30
 283 0021 CC000000 		.4byte	.LASF31
 284 0025 02       		.uleb128 0x2
 285 0026 74553800 		.ascii	"tU8\000"
 286 002a 02       		.byte	0x2
 287 002b 47       		.byte	0x47
 288 002c 30000000 		.4byte	0x30
 289 0030 03       		.uleb128 0x3
 290 0031 21010000 		.4byte	.LASF0
 291 0035 01       		.byte	0x1
 292 0036 08       		.byte	0x8
 293 0037 03       		.uleb128 0x3
 294 0038 F8000000 		.4byte	.LASF1
 295 003c 02       		.byte	0x2
 296 003d 07       		.byte	0x7
 297 003e 03       		.uleb128 0x3
 298 003f 93000000 		.4byte	.LASF2
 299 0043 04       		.byte	0x4
 300 0044 07       		.byte	0x7
 301 0045 03       		.uleb128 0x3
 302 0046 00000000 		.4byte	.LASF3
 303 004a 01       		.byte	0x1
ARM GAS  /cygdrive/c/Users/embedded/AppData/Local/Temp/ccNr6Uab.s 			page 8


 304 004b 06       		.byte	0x6
 305 004c 03       		.uleb128 0x3
 306 004d 51010000 		.4byte	.LASF4
 307 0051 02       		.byte	0x2
 308 0052 05       		.byte	0x5
 309 0053 04       		.uleb128 0x4
 310 0054 696E7400 		.ascii	"int\000"
 311 0058 04       		.byte	0x4
 312 0059 05       		.byte	0x5
 313 005a 05       		.uleb128 0x5
 314 005b 4B000000 		.4byte	.LASF5
 315 005f 02       		.byte	0x2
 316 0060 4D       		.byte	0x4d
 317 0061 30000000 		.4byte	0x30
 318 0065 06       		.uleb128 0x6
 319 0066 04       		.byte	0x4
 320 0067 25000000 		.4byte	0x25
 321 006b 03       		.uleb128 0x3
 322 006c AF000000 		.4byte	.LASF6
 323 0070 04       		.byte	0x4
 324 0071 07       		.byte	0x7
 325 0072 03       		.uleb128 0x3
 326 0073 AF000000 		.4byte	.LASF6
 327 0077 04       		.byte	0x4
 328 0078 07       		.byte	0x7
 329 0079 03       		.uleb128 0x3
 330 007a 51000000 		.4byte	.LASF7
 331 007e 04       		.byte	0x4
 332 007f 05       		.byte	0x5
 333 0080 03       		.uleb128 0x3
 334 0081 3D000000 		.4byte	.LASF8
 335 0085 08       		.byte	0x8
 336 0086 05       		.byte	0x5
 337 0087 03       		.uleb128 0x3
 338 0088 60010000 		.4byte	.LASF9
 339 008c 01       		.byte	0x1
 340 008d 08       		.byte	0x8
 341 008e 03       		.uleb128 0x3
 342 008f 0C000000 		.4byte	.LASF10
 343 0093 08       		.byte	0x8
 344 0094 07       		.byte	0x7
 345 0095 07       		.uleb128 0x7
 346 0096 62010000 		.4byte	0x162
 347 009a 30       		.byte	0x30
 348 009b 03       		.byte	0x3
 349 009c 1A       		.byte	0x1a
 350 009d 08       		.uleb128 0x8
 351 009e 76010000 		.4byte	.LASF11
 352 00a2 03       		.byte	0x3
 353 00a3 1B       		.byte	0x1b
 354 00a4 25000000 		.4byte	0x25
 355 00a8 02       		.byte	0x2
 356 00a9 23       		.byte	0x23
 357 00aa 00       		.uleb128 0x0
 358 00ab 08       		.uleb128 0x8
 359 00ac 65010000 		.4byte	.LASF12
 360 00b0 03       		.byte	0x3
ARM GAS  /cygdrive/c/Users/embedded/AppData/Local/Temp/ccNr6Uab.s 			page 9


 361 00b1 1C       		.byte	0x1c
 362 00b2 25000000 		.4byte	0x25
 363 00b6 02       		.byte	0x2
 364 00b7 23       		.byte	0x23
 365 00b8 01       		.uleb128 0x1
 366 00b9 08       		.uleb128 0x8
 367 00ba 5B010000 		.4byte	.LASF13
 368 00be 03       		.byte	0x3
 369 00bf 1D       		.byte	0x1d
 370 00c0 25000000 		.4byte	0x25
 371 00c4 02       		.byte	0x2
 372 00c5 23       		.byte	0x23
 373 00c6 02       		.uleb128 0x2
 374 00c7 08       		.uleb128 0x8
 375 00c8 5A000000 		.4byte	.LASF14
 376 00cc 03       		.byte	0x3
 377 00cd 1E       		.byte	0x1e
 378 00ce 25000000 		.4byte	0x25
 379 00d2 02       		.byte	0x2
 380 00d3 23       		.byte	0x23
 381 00d4 03       		.uleb128 0x3
 382 00d5 08       		.uleb128 0x8
 383 00d6 6C000000 		.4byte	.LASF15
 384 00da 03       		.byte	0x3
 385 00db 1F       		.byte	0x1f
 386 00dc 25000000 		.4byte	0x25
 387 00e0 02       		.byte	0x2
 388 00e1 23       		.byte	0x23
 389 00e2 04       		.uleb128 0x4
 390 00e3 08       		.uleb128 0x8
 391 00e4 85000000 		.4byte	.LASF16
 392 00e8 03       		.byte	0x3
 393 00e9 20       		.byte	0x20
 394 00ea 25000000 		.4byte	0x25
 395 00ee 02       		.byte	0x2
 396 00ef 23       		.byte	0x23
 397 00f0 05       		.uleb128 0x5
 398 00f1 08       		.uleb128 0x8
 399 00f2 81010000 		.4byte	.LASF17
 400 00f6 03       		.byte	0x3
 401 00f7 21       		.byte	0x21
 402 00f8 65000000 		.4byte	0x65
 403 00fc 02       		.byte	0x2
 404 00fd 23       		.byte	0x23
 405 00fe 08       		.uleb128 0x8
 406 00ff 08       		.uleb128 0x8
 407 0100 A0000000 		.4byte	.LASF18
 408 0104 03       		.byte	0x3
 409 0105 22       		.byte	0x22
 410 0106 25000000 		.4byte	0x25
 411 010a 02       		.byte	0x2
 412 010b 23       		.byte	0x23
 413 010c 0C       		.uleb128 0xc
 414 010d 08       		.uleb128 0x8
 415 010e 0B010000 		.4byte	.LASF19
 416 0112 03       		.byte	0x3
 417 0113 23       		.byte	0x23
ARM GAS  /cygdrive/c/Users/embedded/AppData/Local/Temp/ccNr6Uab.s 			page 10


 418 0114 62010000 		.4byte	0x162
 419 0118 02       		.byte	0x2
 420 0119 23       		.byte	0x23
 421 011a 10       		.uleb128 0x10
 422 011b 08       		.uleb128 0x8
 423 011c 13010000 		.4byte	.LASF20
 424 0120 03       		.byte	0x3
 425 0121 24       		.byte	0x24
 426 0122 25000000 		.4byte	0x25
 427 0126 02       		.byte	0x2
 428 0127 23       		.byte	0x23
 429 0128 28       		.uleb128 0x28
 430 0129 08       		.uleb128 0x8
 431 012a 31000000 		.4byte	.LASF21
 432 012e 03       		.byte	0x3
 433 012f 25       		.byte	0x25
 434 0130 25000000 		.4byte	0x25
 435 0134 02       		.byte	0x2
 436 0135 23       		.byte	0x23
 437 0136 29       		.uleb128 0x29
 438 0137 08       		.uleb128 0x8
 439 0138 6A010000 		.4byte	.LASF22
 440 013c 03       		.byte	0x3
 441 013d 26       		.byte	0x26
 442 013e 25000000 		.4byte	0x25
 443 0142 02       		.byte	0x2
 444 0143 23       		.byte	0x23
 445 0144 2A       		.uleb128 0x2a
 446 0145 08       		.uleb128 0x8
 447 0146 78000000 		.4byte	.LASF23
 448 014a 03       		.byte	0x3
 449 014b 27       		.byte	0x27
 450 014c 25000000 		.4byte	0x25
 451 0150 02       		.byte	0x2
 452 0151 23       		.byte	0x23
 453 0152 2B       		.uleb128 0x2b
 454 0153 08       		.uleb128 0x8
 455 0154 23000000 		.4byte	.LASF24
 456 0158 03       		.byte	0x3
 457 0159 28       		.byte	0x28
 458 015a 25000000 		.4byte	0x25
 459 015e 02       		.byte	0x2
 460 015f 23       		.byte	0x23
 461 0160 2C       		.uleb128 0x2c
 462 0161 00       		.byte	0x0
 463 0162 09       		.uleb128 0x9
 464 0163 72010000 		.4byte	0x172
 465 0167 65000000 		.4byte	0x65
 466 016b 0A       		.uleb128 0xa
 467 016c 6B000000 		.4byte	0x6b
 468 0170 05       		.byte	0x5
 469 0171 00       		.byte	0x0
 470 0172 05       		.uleb128 0x5
 471 0173 1B010000 		.4byte	.LASF25
 472 0177 03       		.byte	0x3
 473 0178 29       		.byte	0x29
 474 0179 95000000 		.4byte	0x95
ARM GAS  /cygdrive/c/Users/embedded/AppData/Local/Temp/ccNr6Uab.s 			page 11


 475 017d 0B       		.uleb128 0xb
 476 017e D5010000 		.4byte	0x1d5
 477 0182 01       		.byte	0x1
 478 0183 44010000 		.4byte	.LASF32
 479 0187 01       		.byte	0x1
 480 0188 17       		.byte	0x17
 481 0189 00000000 		.4byte	.LFB2
 482 018d 0C010000 		.4byte	.LFE2
 483 0191 00000000 		.4byte	.LLST0
 484 0195 0C       		.uleb128 0xc
 485 0196 7B010000 		.4byte	.LASF26
 486 019a 01       		.byte	0x1
 487 019b 19       		.byte	0x19
 488 019c 5A000000 		.4byte	0x5a
 489 01a0 0D       		.uleb128 0xd
 490 01a1 2F010000 		.4byte	.LASF27
 491 01a5 01       		.byte	0x1
 492 01a6 1A       		.byte	0x1a
 493 01a7 72010000 		.4byte	0x172
 494 01ab 02       		.byte	0x2
 495 01ac 91       		.byte	0x91
 496 01ad 40       		.sleb128 -64
 497 01ae 0C       		.uleb128 0xc
 498 01af 5F000000 		.4byte	.LASF28
 499 01b3 01       		.byte	0x1
 500 01b4 1B       		.byte	0x1b
 501 01b5 5A000000 		.4byte	0x5a
 502 01b9 0E       		.uleb128 0xe
 503 01ba 786400   		.ascii	"xd\000"
 504 01bd 01       		.byte	0x1
 505 01be 1D       		.byte	0x1d
 506 01bf D5010000 		.4byte	0x1d5
 507 01c3 02       		.byte	0x2
 508 01c4 91       		.byte	0x91
 509 01c5 72       		.sleb128 -14
 510 01c6 0E       		.uleb128 0xe
 511 01c7 78786400 		.ascii	"xxd\000"
 512 01cb 01       		.byte	0x1
 513 01cc 1E       		.byte	0x1e
 514 01cd D5010000 		.4byte	0x1d5
 515 01d1 02       		.byte	0x2
 516 01d2 91       		.byte	0x91
 517 01d3 70       		.sleb128 -16
 518 01d4 00       		.byte	0x0
 519 01d5 0F       		.uleb128 0xf
 520 01d6 25000000 		.4byte	0x25
 521 01da 0A       		.uleb128 0xa
 522 01db 6B000000 		.4byte	0x6b
 523 01df 01       		.byte	0x1
 524 01e0 00       		.byte	0x0
 525 01e1 00       		.byte	0x0
 526              		.section	.debug_abbrev
 527 0000 01       		.uleb128 0x1
 528 0001 11       		.uleb128 0x11
 529 0002 01       		.byte	0x1
 530 0003 10       		.uleb128 0x10
 531 0004 06       		.uleb128 0x6
ARM GAS  /cygdrive/c/Users/embedded/AppData/Local/Temp/ccNr6Uab.s 			page 12


 532 0005 12       		.uleb128 0x12
 533 0006 01       		.uleb128 0x1
 534 0007 11       		.uleb128 0x11
 535 0008 01       		.uleb128 0x1
 536 0009 25       		.uleb128 0x25
 537 000a 0E       		.uleb128 0xe
 538 000b 13       		.uleb128 0x13
 539 000c 0B       		.uleb128 0xb
 540 000d 03       		.uleb128 0x3
 541 000e 0E       		.uleb128 0xe
 542 000f 1B       		.uleb128 0x1b
 543 0010 0E       		.uleb128 0xe
 544 0011 00       		.byte	0x0
 545 0012 00       		.byte	0x0
 546 0013 02       		.uleb128 0x2
 547 0014 16       		.uleb128 0x16
 548 0015 00       		.byte	0x0
 549 0016 03       		.uleb128 0x3
 550 0017 08       		.uleb128 0x8
 551 0018 3A       		.uleb128 0x3a
 552 0019 0B       		.uleb128 0xb
 553 001a 3B       		.uleb128 0x3b
 554 001b 0B       		.uleb128 0xb
 555 001c 49       		.uleb128 0x49
 556 001d 13       		.uleb128 0x13
 557 001e 00       		.byte	0x0
 558 001f 00       		.byte	0x0
 559 0020 03       		.uleb128 0x3
 560 0021 24       		.uleb128 0x24
 561 0022 00       		.byte	0x0
 562 0023 03       		.uleb128 0x3
 563 0024 0E       		.uleb128 0xe
 564 0025 0B       		.uleb128 0xb
 565 0026 0B       		.uleb128 0xb
 566 0027 3E       		.uleb128 0x3e
 567 0028 0B       		.uleb128 0xb
 568 0029 00       		.byte	0x0
 569 002a 00       		.byte	0x0
 570 002b 04       		.uleb128 0x4
 571 002c 24       		.uleb128 0x24
 572 002d 00       		.byte	0x0
 573 002e 03       		.uleb128 0x3
 574 002f 08       		.uleb128 0x8
 575 0030 0B       		.uleb128 0xb
 576 0031 0B       		.uleb128 0xb
 577 0032 3E       		.uleb128 0x3e
 578 0033 0B       		.uleb128 0xb
 579 0034 00       		.byte	0x0
 580 0035 00       		.byte	0x0
 581 0036 05       		.uleb128 0x5
 582 0037 16       		.uleb128 0x16
 583 0038 00       		.byte	0x0
 584 0039 03       		.uleb128 0x3
 585 003a 0E       		.uleb128 0xe
 586 003b 3A       		.uleb128 0x3a
 587 003c 0B       		.uleb128 0xb
 588 003d 3B       		.uleb128 0x3b
ARM GAS  /cygdrive/c/Users/embedded/AppData/Local/Temp/ccNr6Uab.s 			page 13


 589 003e 0B       		.uleb128 0xb
 590 003f 49       		.uleb128 0x49
 591 0040 13       		.uleb128 0x13
 592 0041 00       		.byte	0x0
 593 0042 00       		.byte	0x0
 594 0043 06       		.uleb128 0x6
 595 0044 0F       		.uleb128 0xf
 596 0045 00       		.byte	0x0
 597 0046 0B       		.uleb128 0xb
 598 0047 0B       		.uleb128 0xb
 599 0048 49       		.uleb128 0x49
 600 0049 13       		.uleb128 0x13
 601 004a 00       		.byte	0x0
 602 004b 00       		.byte	0x0
 603 004c 07       		.uleb128 0x7
 604 004d 13       		.uleb128 0x13
 605 004e 01       		.byte	0x1
 606 004f 01       		.uleb128 0x1
 607 0050 13       		.uleb128 0x13
 608 0051 0B       		.uleb128 0xb
 609 0052 0B       		.uleb128 0xb
 610 0053 3A       		.uleb128 0x3a
 611 0054 0B       		.uleb128 0xb
 612 0055 3B       		.uleb128 0x3b
 613 0056 0B       		.uleb128 0xb
 614 0057 00       		.byte	0x0
 615 0058 00       		.byte	0x0
 616 0059 08       		.uleb128 0x8
 617 005a 0D       		.uleb128 0xd
 618 005b 00       		.byte	0x0
 619 005c 03       		.uleb128 0x3
 620 005d 0E       		.uleb128 0xe
 621 005e 3A       		.uleb128 0x3a
 622 005f 0B       		.uleb128 0xb
 623 0060 3B       		.uleb128 0x3b
 624 0061 0B       		.uleb128 0xb
 625 0062 49       		.uleb128 0x49
 626 0063 13       		.uleb128 0x13
 627 0064 38       		.uleb128 0x38
 628 0065 0A       		.uleb128 0xa
 629 0066 00       		.byte	0x0
 630 0067 00       		.byte	0x0
 631 0068 09       		.uleb128 0x9
 632 0069 01       		.uleb128 0x1
 633 006a 01       		.byte	0x1
 634 006b 01       		.uleb128 0x1
 635 006c 13       		.uleb128 0x13
 636 006d 49       		.uleb128 0x49
 637 006e 13       		.uleb128 0x13
 638 006f 00       		.byte	0x0
 639 0070 00       		.byte	0x0
 640 0071 0A       		.uleb128 0xa
 641 0072 21       		.uleb128 0x21
 642 0073 00       		.byte	0x0
 643 0074 49       		.uleb128 0x49
 644 0075 13       		.uleb128 0x13
 645 0076 2F       		.uleb128 0x2f
ARM GAS  /cygdrive/c/Users/embedded/AppData/Local/Temp/ccNr6Uab.s 			page 14


 646 0077 0B       		.uleb128 0xb
 647 0078 00       		.byte	0x0
 648 0079 00       		.byte	0x0
 649 007a 0B       		.uleb128 0xb
 650 007b 2E       		.uleb128 0x2e
 651 007c 01       		.byte	0x1
 652 007d 01       		.uleb128 0x1
 653 007e 13       		.uleb128 0x13
 654 007f 3F       		.uleb128 0x3f
 655 0080 0C       		.uleb128 0xc
 656 0081 03       		.uleb128 0x3
 657 0082 0E       		.uleb128 0xe
 658 0083 3A       		.uleb128 0x3a
 659 0084 0B       		.uleb128 0xb
 660 0085 3B       		.uleb128 0x3b
 661 0086 0B       		.uleb128 0xb
 662 0087 11       		.uleb128 0x11
 663 0088 01       		.uleb128 0x1
 664 0089 12       		.uleb128 0x12
 665 008a 01       		.uleb128 0x1
 666 008b 40       		.uleb128 0x40
 667 008c 06       		.uleb128 0x6
 668 008d 00       		.byte	0x0
 669 008e 00       		.byte	0x0
 670 008f 0C       		.uleb128 0xc
 671 0090 34       		.uleb128 0x34
 672 0091 00       		.byte	0x0
 673 0092 03       		.uleb128 0x3
 674 0093 0E       		.uleb128 0xe
 675 0094 3A       		.uleb128 0x3a
 676 0095 0B       		.uleb128 0xb
 677 0096 3B       		.uleb128 0x3b
 678 0097 0B       		.uleb128 0xb
 679 0098 49       		.uleb128 0x49
 680 0099 13       		.uleb128 0x13
 681 009a 00       		.byte	0x0
 682 009b 00       		.byte	0x0
 683 009c 0D       		.uleb128 0xd
 684 009d 34       		.uleb128 0x34
 685 009e 00       		.byte	0x0
 686 009f 03       		.uleb128 0x3
 687 00a0 0E       		.uleb128 0xe
 688 00a1 3A       		.uleb128 0x3a
 689 00a2 0B       		.uleb128 0xb
 690 00a3 3B       		.uleb128 0x3b
 691 00a4 0B       		.uleb128 0xb
 692 00a5 49       		.uleb128 0x49
 693 00a6 13       		.uleb128 0x13
 694 00a7 02       		.uleb128 0x2
 695 00a8 0A       		.uleb128 0xa
 696 00a9 00       		.byte	0x0
 697 00aa 00       		.byte	0x0
 698 00ab 0E       		.uleb128 0xe
 699 00ac 34       		.uleb128 0x34
 700 00ad 00       		.byte	0x0
 701 00ae 03       		.uleb128 0x3
 702 00af 08       		.uleb128 0x8
ARM GAS  /cygdrive/c/Users/embedded/AppData/Local/Temp/ccNr6Uab.s 			page 15


 703 00b0 3A       		.uleb128 0x3a
 704 00b1 0B       		.uleb128 0xb
 705 00b2 3B       		.uleb128 0x3b
 706 00b3 0B       		.uleb128 0xb
 707 00b4 49       		.uleb128 0x49
 708 00b5 13       		.uleb128 0x13
 709 00b6 02       		.uleb128 0x2
 710 00b7 0A       		.uleb128 0xa
 711 00b8 00       		.byte	0x0
 712 00b9 00       		.byte	0x0
 713 00ba 0F       		.uleb128 0xf
 714 00bb 01       		.uleb128 0x1
 715 00bc 01       		.byte	0x1
 716 00bd 49       		.uleb128 0x49
 717 00be 13       		.uleb128 0x13
 718 00bf 00       		.byte	0x0
 719 00c0 00       		.byte	0x0
 720 00c1 00       		.byte	0x0
 721              		.section	.debug_pubnames,"",%progbits
 722 0000 1F000000 		.4byte	0x1f
 723 0004 0200     		.2byte	0x2
 724 0006 00000000 		.4byte	.Ldebug_info0
 725 000a E2010000 		.4byte	0x1e2
 726 000e 7D010000 		.4byte	0x17d
 727 0012 64726177 		.ascii	"drawMainMenu\000"
 727      4D61696E 
 727      4D656E75 
 727      00
 728 001f 00000000 		.4byte	0x0
 729              		.section	.debug_aranges,"",%progbits
 730 0000 1C000000 		.4byte	0x1c
 731 0004 0200     		.2byte	0x2
 732 0006 00000000 		.4byte	.Ldebug_info0
 733 000a 04       		.byte	0x4
 734 000b 00       		.byte	0x0
 735 000c 0000     		.2byte	0x0
 736 000e 0000     		.2byte	0x0
 737 0010 00000000 		.4byte	.Ltext0
 738 0014 0C010000 		.4byte	.Letext0-.Ltext0
 739 0018 00000000 		.4byte	0x0
 740 001c 00000000 		.4byte	0x0
 741              		.section	.debug_str,"MS",%progbits,1
 742              	.LASF3:
 743 0000 7369676E 		.ascii	"signed char\000"
 743      65642063 
 743      68617200 
 744              	.LASF10:
 745 000c 6C6F6E67 		.ascii	"long long unsigned int\000"
 745      206C6F6E 
 745      6720756E 
 745      7369676E 
 745      65642069 
 746              	.LASF24:
 747 0023 73656C65 		.ascii	"selectedColor\000"
 747      63746564 
 747      436F6C6F 
 747      7200
ARM GAS  /cygdrive/c/Users/embedded/AppData/Local/Temp/ccNr6Uab.s 			page 16


 748              	.LASF21:
 749 0031 626F7264 		.ascii	"borderColor\000"
 749      6572436F 
 749      6C6F7200 
 750              	.LASF8:
 751 003d 6C6F6E67 		.ascii	"long long int\000"
 751      206C6F6E 
 751      6720696E 
 751      7400
 752              	.LASF5:
 753 004b 74426F6F 		.ascii	"tBool\000"
 753      6C00
 754              	.LASF7:
 755 0051 6C6F6E67 		.ascii	"long int\000"
 755      20696E74 
 755      00
 756              	.LASF14:
 757 005a 794C656E 		.ascii	"yLen\000"
 757      00
 758              	.LASF28:
 759 005f 6D61696E 		.ascii	"mainMenuFlag\000"
 759      4D656E75 
 759      466C6167 
 759      00
 760              	.LASF15:
 761 006c 6E6F4F66 		.ascii	"noOfChoices\000"
 761      43686F69 
 761      63657300 
 762              	.LASF23:
 763 0078 63686F69 		.ascii	"choicesColor\000"
 763      63657343 
 763      6F6C6F72 
 763      00
 764              	.LASF16:
 765 0085 696E6974 		.ascii	"initialChoice\000"
 765      69616C43 
 765      686F6963 
 765      6500
 766              	.LASF2:
 767 0093 756E7369 		.ascii	"unsigned int\000"
 767      676E6564 
 767      20696E74 
 767      00
 768              	.LASF18:
 769 00a0 68656164 		.ascii	"headerTextXpos\000"
 769      65725465 
 769      78745870 
 769      6F7300
 770              	.LASF6:
 771 00af 6C6F6E67 		.ascii	"long unsigned int\000"
 771      20756E73 
 771      69676E65 
 771      6420696E 
 771      7400
 772              	.LASF30:
 773 00c1 6D61696E 		.ascii	"mainMenu.c\000"
 773      4D656E75 
ARM GAS  /cygdrive/c/Users/embedded/AppData/Local/Temp/ccNr6Uab.s 			page 17


 773      2E6300
 774              	.LASF31:
 775 00cc 2F637967 		.ascii	"/cygdrive/c/Embedded/2104MiniDemo/Gameboard\000"
 775      64726976 
 775      652F632F 
 775      456D6265 
 775      64646564 
 776              	.LASF1:
 777 00f8 73686F72 		.ascii	"short unsigned int\000"
 777      7420756E 
 777      7369676E 
 777      65642069 
 777      6E7400
 778              	.LASF19:
 779 010b 7043686F 		.ascii	"pChoice\000"
 779      69636500 
 780              	.LASF20:
 781 0113 6267436F 		.ascii	"bgColor\000"
 781      6C6F7200 
 782              	.LASF25:
 783 011b 744D656E 		.ascii	"tMenu\000"
 783      7500
 784              	.LASF0:
 785 0121 756E7369 		.ascii	"unsigned char\000"
 785      676E6564 
 785      20636861 
 785      7200
 786              	.LASF27:
 787 012f 6D61696E 		.ascii	"mainMenu\000"
 787      4D656E75 
 787      00
 788              	.LASF29:
 789 0138 474E5520 		.ascii	"GNU C 4.1.1\000"
 789      4320342E 
 789      312E3100 
 790              	.LASF32:
 791 0144 64726177 		.ascii	"drawMainMenu\000"
 791      4D61696E 
 791      4D656E75 
 791      00
 792              	.LASF4:
 793 0151 73686F72 		.ascii	"short int\000"
 793      7420696E 
 793      7400
 794              	.LASF13:
 795 015b 784C656E 		.ascii	"xLen\000"
 795      00
 796              	.LASF9:
 797 0160 63686172 		.ascii	"char\000"
 797      00
 798              	.LASF12:
 799 0165 79506F73 		.ascii	"yPos\000"
 799      00
 800              	.LASF22:
 801 016a 68656164 		.ascii	"headerColor\000"
 801      6572436F 
 801      6C6F7200 
ARM GAS  /cygdrive/c/Users/embedded/AppData/Local/Temp/ccNr6Uab.s 			page 18


 802              	.LASF11:
 803 0176 78506F73 		.ascii	"xPos\000"
 803      00
 804              	.LASF26:
 805 017b 6973456E 		.ascii	"isEnd\000"
 805      6400
 806              	.LASF17:
 807 0181 70486561 		.ascii	"pHeaderText\000"
 807      64657254 
 807      65787400 
 808              		.ident	"GCC: (GNU) 4.1.1"
ARM GAS  /cygdrive/c/Users/embedded/AppData/Local/Temp/ccNr6Uab.s 			page 19


DEFINED SYMBOLS
                            *ABS*:00000000 mainMenu.c
/cygdrive/c/Users/embedded/AppData/Local/Temp/ccNr6Uab.s:1      .text:00000000 $t
/cygdrive/c/Users/embedded/AppData/Local/Temp/ccNr6Uab.s:42     .text:00000000 drawMainMenu
/cygdrive/c/Users/embedded/AppData/Local/Temp/ccNr6Uab.s:201    .text:000000ec $d

UNDEFINED SYMBOLS
lcdRect
eepromWrite
eepromPageRead
lcdClrscr
drawMenu
playTetris
lcdPuts
osSleep
