ARM GAS  /cygdrive/c/Users/embedded/AppData/Local/Temp/ccj6lmcD.s 			page 1


   1              		.code	16
   2              		.file	"main.c"
   3              		.section	.debug_abbrev,"",%progbits
   4              	.Ldebug_abbrev0:
   5              		.section	.debug_info,"",%progbits
   6              	.Ldebug_info0:
   7              		.section	.debug_line,"",%progbits
   8              	.Ldebug_line0:
   9 0000 AB000000 		.text
   9      02005100 
   9      00000201 
   9      FB0E0D00 
   9      01010101 
  10              	.Ltext0:
  11              		.align	2
  12              		.global	appTick
  13              		.code 16
  14              		.thumb_func
  15              		.type	appTick, %function
  16              	appTick:
  17              	.LFB5:
  18              		.file 1 "main.c"
   1:main.c        **** #include "../pre_emptive_os/api/osapi.h"
   2:main.c        **** #include "../pre_emptive_os/api/general.h"
   3:main.c        **** #include <printf_P.h>
   4:main.c        **** #include <ea_init.h>
   5:main.c        **** #include <stdlib.h>
   6:main.c        **** 
   7:main.c        **** #include "lcd.h"
   8:main.c        **** #include "key.h"
   9:main.c        **** #include "uart.h"
  10:main.c        **** #include "exampleGame.h"
  11:main.c        **** #include "hw.h"
  12:main.c        **** #include "version.h"
  13:main.c        **** #include "configAppl.h"
  14:main.c        **** #include "tetris.h"
  15:main.c        **** #include "mainMenu.h"
  16:main.c        **** 
  17:main.c        **** #define PROC1_STACK_SIZE 800
  18:main.c        **** #define INIT_STACK_SIZE  600
  19:main.c        **** 
  20:main.c        **** volatile tU32 ms;
  21:main.c        **** 
  22:main.c        **** static tU8 proc1Stack[PROC1_STACK_SIZE];
  23:main.c        **** static tU8 initStack[INIT_STACK_SIZE];
  24:main.c        **** static tU8 pid1;
  25:main.c        **** 
  26:main.c        **** static void proc1(void* arg);
  27:main.c        **** static void initProc(void* arg);
  28:main.c        **** 
  29:main.c        **** int
  30:main.c        **** main(void)
  31:main.c        **** {
  32:main.c        ****   tU8 error;
  33:main.c        ****   tU8 pid;
  34:main.c        ****   
  35:main.c        ****   osInit();
ARM GAS  /cygdrive/c/Users/embedded/AppData/Local/Temp/ccj6lmcD.s 			page 2


  36:main.c        **** 
  37:main.c        ****   immediateIoInit();
  38:main.c        ****   
  39:main.c        ****   osCreateProcess(initProc, initStack, INIT_STACK_SIZE, &pid, 1, NULL, &error);
  40:main.c        ****   osStartProcess(pid, &error);
  41:main.c        ****   
  42:main.c        ****   osStart();
  43:main.c        ****   return 0;
  44:main.c        **** }
  45:main.c        **** 
  46:main.c        **** static void proc1(void* arg)
  47:main.c        **** {
  48:main.c        ****   //shortly bleep with the buzzer and flash with the LEDs
  49:main.c        ****   tU8 i,j;
  50:main.c        **** 
  51:main.c        ****   for(i=0; i<3; i++)
  52:main.c        ****   {
  53:main.c        ****     for(j=0; j<3; j++)
  54:main.c        ****     {
  55:main.c        ****       setBuzzer(TRUE);
  56:main.c        ****       setLED(LED_GREEN, FALSE);
  57:main.c        ****       setLED(LED_RED,   TRUE);
  58:main.c        ****       osSleep(1);
  59:main.c        **** 
  60:main.c        ****       setBuzzer(FALSE);
  61:main.c        ****       setLED(LED_GREEN, TRUE);
  62:main.c        ****       setLED(LED_RED, FALSE);
  63:main.c        ****       osSleep(1);
  64:main.c        ****     }
  65:main.c        ****     osSleep(10);
  66:main.c        ****   }
  67:main.c        ****   setLED(LED_GREEN, FALSE);
  68:main.c        ****   setLED(LED_RED,   FALSE);
  69:main.c        **** 
  70:main.c        ****   //display startup message
  71:main.c        ****   resetLCD();
  72:main.c        ****   lcdInit();
  73:main.c        **** 
  74:main.c        ****   //print menu
  75:main.c        ****   drawMainMenu();
  76:main.c        **** }
  77:main.c        **** 
  78:main.c        **** static void
  79:main.c        **** initProc(void* arg)
  80:main.c        **** {
  81:main.c        ****   tU8 error;
  82:main.c        **** 
  83:main.c        ****   eaInit();
  84:main.c        ****   printf("\n*********************************************************");
  85:main.c        ****   printf("\n*                  aplikacja tetris                     *");
  86:main.c        ****   printf("\n*                wykonana jako projekt                  *");
  87:main.c        ****   printf("\n*                    na przedmiot                       *");
  88:main.c        ****   printf("\n*                  systemy wbudowane                    *");
  89:main.c        ****   printf("\n*                                                       *");
  90:main.c        ****   printf("\n*                       tworcy:                         *");
  91:main.c        ****   printf("\n*                    Michal Gebels                      *");
  92:main.c        ****   printf("\n*                 Piotr Tomczaszewski                   *");
ARM GAS  /cygdrive/c/Users/embedded/AppData/Local/Temp/ccj6lmcD.s 			page 3


  93:main.c        ****   printf("\n*                  Antoni Karwowsky                     *");
  94:main.c        ****   printf("\n*********************************************************\n");
  95:main.c        ****   
  96:main.c        ****   osCreateProcess(proc1, proc1Stack, PROC1_STACK_SIZE, &pid1, 3, NULL, &error);
  97:main.c        ****   osStartProcess(pid1, &error);
  98:main.c        ****   initKeyProc();
  99:main.c        ****   osDeleteProcess();
 100:main.c        **** }
 101:main.c        **** 
 102:main.c        **** void
 103:main.c        **** appTick(tU32 elapsedTime)
 104:main.c        **** {
  19              		.loc 1 104 0
  20              	.LVL0:
 105:main.c        ****   ms += elapsedTime;
  21              		.loc 1 105 0
  22 0000 024A     		ldr	r2, .L3
  23 0002 1368     		ldr	r3, [r2]
  24 0004 1B18     		add	r3, r3, r0
  25              		.loc 1 104 0
  26              		@ lr needed for prologue
  27              		.loc 1 105 0
  28 0006 1360     		str	r3, [r2]
 106:main.c        **** }
  29              		.loc 1 106 0
  30              		@ sp needed for prologue
  31 0008 7047     		bx	lr
  32              	.L4:
  33 000a 0000     		.align	2
  34              	.L3:
  35 000c 00000000 		.word	ms
  36              	.LFE5:
  37              		.size	appTick, .-appTick
  38              		.align	2
  39              		.global	main
  40              		.code 16
  41              		.thumb_func
  42              		.type	main, %function
  43              	main:
  44              	.LFB2:
  45              		.loc 1 31 0
  46 0010 30B5     		push	{r4, r5, lr}
  47              	.LCFI0:
  48 0012 84B0     		sub	sp, sp, #16
  49              	.LCFI1:
  50              		.loc 1 35 0
  51 0014 FFF7FEFF 		bl	osInit
  52              		.loc 1 39 0
  53 0018 6D46     		mov	r5, sp
  54              		.loc 1 37 0
  55 001a FFF7FEFF 		bl	immediateIoInit
  56              		.loc 1 39 0
  57 001e 0123     		mov	r3, #1
  58 0020 0E35     		add	r5, r5, #14
  59 0022 0093     		str	r3, [sp]
  60 0024 6C46     		mov	r4, sp
  61 0026 0023     		mov	r3, #0
ARM GAS  /cygdrive/c/Users/embedded/AppData/Local/Temp/ccj6lmcD.s 			page 4


  62 0028 9622     		mov	r2, #150
  63 002a 9200     		lsl	r2, r2, #2
  64 002c 0193     		str	r3, [sp, #4]
  65 002e 0F34     		add	r4, r4, #15
  66 0030 2B1C     		mov	r3, r5
  67 0032 0848     		ldr	r0, .L7
  68 0034 0849     		ldr	r1, .L7+4
  69 0036 0294     		str	r4, [sp, #8]
  70 0038 FFF7FEFF 		bl	osCreateProcess
  71              	.LVL1:
  72              		.loc 1 40 0
  73 003c 2878     		ldrb	r0, [r5]
  74 003e 211C     		mov	r1, r4
  75 0040 FFF7FEFF 		bl	osStartProcess
  76              		.loc 1 42 0
  77 0044 FFF7FEFF 		bl	osStart
  78              		.loc 1 44 0
  79 0048 0020     		mov	r0, #0
  80 004a 04B0     		add	sp, sp, #16
  81              		@ sp needed for prologue
  82 004c 30BC     		pop	{r4, r5}
  83 004e 02BC     		pop	{r1}
  84 0050 0847     		bx	r1
  85              	.L8:
  86 0052 0000     		.align	2
  87              	.L7:
  88 0054 00000000 		.word	initProc
  89 0058 20030000 		.word	initStack
  90              	.LFE2:
  91              		.size	main, .-main
  92              		.section	.rodata.str1.4,"aMS",%progbits,1
  93              		.align	2
  94              	.LC3:
  95 0000 0A2A2A2A 		.ascii	"\012***********************************************"
  95      2A2A2A2A 
  95      2A2A2A2A 
  95      2A2A2A2A 
  95      2A2A2A2A 
  96 0030 2A2A2A2A 		.ascii	"**********\000"
  96      2A2A2A2A 
  96      2A2A00
  97 003b 00       		.align	2
  98              	.LC5:
  99 003c 0A2A2020 		.ascii	"\012*                  aplikacja tetris            "
  99      20202020 
  99      20202020 
  99      20202020 
  99      20202020 
 100 006c 20202020 		.ascii	"         *\000"
 100      20202020 
 100      202A00
 101 0077 00       		.align	2
 102              	.LC7:
 103 0078 0A2A2020 		.ascii	"\012*                wykonana jako projekt         "
 103      20202020 
 103      20202020 
 103      20202020 
ARM GAS  /cygdrive/c/Users/embedded/AppData/Local/Temp/ccj6lmcD.s 			page 5


 103      20207779 
 104 00a8 20202020 		.ascii	"         *\000"
 104      20202020 
 104      202A00
 105 00b3 00       		.align	2
 106              	.LC9:
 107 00b4 0A2A2020 		.ascii	"\012*                    na przedmiot              "
 107      20202020 
 107      20202020 
 107      20202020 
 107      20202020 
 108 00e4 20202020 		.ascii	"         *\000"
 108      20202020 
 108      202A00
 109 00ef 00       		.align	2
 110              	.LC11:
 111 00f0 0A2A2020 		.ascii	"\012*                  systemy wbudowane           "
 111      20202020 
 111      20202020 
 111      20202020 
 111      20202020 
 112 0120 20202020 		.ascii	"         *\000"
 112      20202020 
 112      202A00
 113 012b 00       		.align	2
 114              	.LC13:
 115 012c 0A2A2020 		.ascii	"\012*                                              "
 115      20202020 
 115      20202020 
 115      20202020 
 115      20202020 
 116 015c 20202020 		.ascii	"         *\000"
 116      20202020 
 116      202A00
 117 0167 00       		.align	2
 118              	.LC15:
 119 0168 0A2A2020 		.ascii	"\012*                       tworcy:                "
 119      20202020 
 119      20202020 
 119      20202020 
 119      20202020 
 120 0198 20202020 		.ascii	"         *\000"
 120      20202020 
 120      202A00
 121 01a3 00       		.align	2
 122              	.LC17:
 123 01a4 0A2A2020 		.ascii	"\012*                    Michal Gebels             "
 123      20202020 
 123      20202020 
 123      20202020 
 123      20202020 
 124 01d4 20202020 		.ascii	"         *\000"
 124      20202020 
 124      202A00
 125 01df 00       		.align	2
 126              	.LC19:
 127 01e0 0A2A2020 		.ascii	"\012*                 Piotr Tomczaszewski          "
ARM GAS  /cygdrive/c/Users/embedded/AppData/Local/Temp/ccj6lmcD.s 			page 6


 127      20202020 
 127      20202020 
 127      20202020 
 127      20202050 
 128 0210 20202020 		.ascii	"         *\000"
 128      20202020 
 128      202A00
 129 021b 00       		.align	2
 130              	.LC21:
 131 021c 0A2A2020 		.ascii	"\012*                  Antoni Karwowsky            "
 131      20202020 
 131      20202020 
 131      20202020 
 131      20202020 
 132 024c 20202020 		.ascii	"         *\000"
 132      20202020 
 132      202A00
 133 0257 00       		.align	2
 134              	.LC23:
 135 0258 0A2A2A2A 		.ascii	"\012***********************************************"
 135      2A2A2A2A 
 135      2A2A2A2A 
 135      2A2A2A2A 
 135      2A2A2A2A 
 136 0288 2A2A2A2A 		.ascii	"**********\012\000"
 136      2A2A2A2A 
 136      2A2A0A00 
 137              		.text
 138              		.align	2
 139              		.code 16
 140              		.thumb_func
 141              		.type	initProc, %function
 142              	initProc:
 143              	.LFB4:
 144              		.loc 1 80 0
 145 005c 30B5     		push	{r4, r5, lr}
 146              	.LCFI2:
 147              	.LVL2:
 148 005e 84B0     		sub	sp, sp, #16
 149              	.LCFI3:
 150              		.loc 1 83 0
 151 0060 FFF7FEFF 		bl	eaInit
 152              	.LVL3:
 153              		.loc 1 84 0
 154 0064 1D48     		ldr	r0, .L11
 155 0066 FFF7FEFF 		bl	simplePrintf
 156              		.loc 1 85 0
 157 006a 1D48     		ldr	r0, .L11+4
 158 006c FFF7FEFF 		bl	simplePrintf
 159              		.loc 1 86 0
 160 0070 1C48     		ldr	r0, .L11+8
 161 0072 FFF7FEFF 		bl	simplePrintf
 162              		.loc 1 87 0
 163 0076 1C48     		ldr	r0, .L11+12
 164 0078 FFF7FEFF 		bl	simplePrintf
 165              		.loc 1 88 0
 166 007c 1B48     		ldr	r0, .L11+16
ARM GAS  /cygdrive/c/Users/embedded/AppData/Local/Temp/ccj6lmcD.s 			page 7


 167 007e FFF7FEFF 		bl	simplePrintf
 168              		.loc 1 89 0
 169 0082 1B48     		ldr	r0, .L11+20
 170 0084 FFF7FEFF 		bl	simplePrintf
 171              		.loc 1 90 0
 172 0088 1A48     		ldr	r0, .L11+24
 173 008a FFF7FEFF 		bl	simplePrintf
 174              		.loc 1 91 0
 175 008e 1A48     		ldr	r0, .L11+28
 176 0090 FFF7FEFF 		bl	simplePrintf
 177              		.loc 1 92 0
 178 0094 1948     		ldr	r0, .L11+32
 179 0096 FFF7FEFF 		bl	simplePrintf
 180              		.loc 1 93 0
 181 009a 1948     		ldr	r0, .L11+36
 182 009c FFF7FEFF 		bl	simplePrintf
 183              		.loc 1 94 0
 184 00a0 1848     		ldr	r0, .L11+40
 185 00a2 FFF7FEFF 		bl	simplePrintf
 186              		.loc 1 96 0
 187 00a6 184D     		ldr	r5, .L11+44
 188 00a8 0323     		mov	r3, #3
 189 00aa 0093     		str	r3, [sp]
 190 00ac 6C46     		mov	r4, sp
 191 00ae 0023     		mov	r3, #0
 192 00b0 C822     		mov	r2, #200
 193 00b2 9200     		lsl	r2, r2, #2
 194 00b4 0193     		str	r3, [sp, #4]
 195 00b6 0F34     		add	r4, r4, #15
 196 00b8 2B1C     		mov	r3, r5
 197 00ba 1448     		ldr	r0, .L11+48
 198 00bc 1449     		ldr	r1, .L11+52
 199 00be 0294     		str	r4, [sp, #8]
 200 00c0 FFF7FEFF 		bl	osCreateProcess
 201              		.loc 1 97 0
 202 00c4 2878     		ldrb	r0, [r5]
 203 00c6 211C     		mov	r1, r4
 204 00c8 FFF7FEFF 		bl	osStartProcess
 205              		.loc 1 98 0
 206 00cc FFF7FEFF 		bl	initKeyProc
 207              		.loc 1 99 0
 208 00d0 FFF7FEFF 		bl	osDeleteProcess
 209              		.loc 1 100 0
 210 00d4 04B0     		add	sp, sp, #16
 211              		@ sp needed for prologue
 212 00d6 30BC     		pop	{r4, r5}
 213 00d8 01BC     		pop	{r0}
 214 00da 0047     		bx	r0
 215              	.L12:
 216              		.align	2
 217              	.L11:
 218 00dc 00000000 		.word	.LC3
 219 00e0 3C000000 		.word	.LC5
 220 00e4 78000000 		.word	.LC7
 221 00e8 B4000000 		.word	.LC9
 222 00ec F0000000 		.word	.LC11
 223 00f0 2C010000 		.word	.LC13
ARM GAS  /cygdrive/c/Users/embedded/AppData/Local/Temp/ccj6lmcD.s 			page 8


 224 00f4 68010000 		.word	.LC15
 225 00f8 A4010000 		.word	.LC17
 226 00fc E0010000 		.word	.LC19
 227 0100 1C020000 		.word	.LC21
 228 0104 58020000 		.word	.LC23
 229 0108 78050000 		.word	pid1
 230 010c 00000000 		.word	proc1
 231 0110 00000000 		.word	proc1Stack
 232              	.LFE4:
 233              		.size	initProc, .-initProc
 234              		.align	2
 235              		.code 16
 236              		.thumb_func
 237              		.type	proc1, %function
 238              	proc1:
 239              	.LFB3:
 240              		.loc 1 47 0
 241 0114 30B5     		push	{r4, r5, lr}
 242              	.LCFI4:
 243              	.LVL4:
 244              		.loc 1 47 0
 245 0116 0025     		mov	r5, #0
 246              	.LVL5:
 247 0118 39E0     		b	.L14
 248              	.LVL6:
 249              	.L19:
 250              		.loc 1 67 0
 251 011a 0120     		mov	r0, #1
 252 011c 0021     		mov	r1, #0
 253 011e FFF7FEFF 		bl	setLED
 254              		.loc 1 68 0
 255 0122 0220     		mov	r0, #2
 256 0124 0021     		mov	r1, #0
 257 0126 FFF7FEFF 		bl	setLED
 258              		.loc 1 71 0
 259 012a FFF7FEFF 		bl	resetLCD
 260              		.loc 1 72 0
 261 012e FFF7FEFF 		bl	lcdInit
 262              		.loc 1 75 0
 263 0132 FFF7FEFF 		bl	drawMainMenu
 264              		.loc 1 76 0
 265              		@ sp needed for prologue
 266              	.LVL7:
 267              	.LVL8:
 268 0136 30BC     		pop	{r4, r5}
 269 0138 01BC     		pop	{r0}
 270 013a 0047     		bx	r0
 271              	.LVL9:
 272              	.L15:
 273              		.loc 1 55 0
 274 013c 0120     		mov	r0, #1
 275              	.LVL10:
 276 013e FFF7FEFF 		bl	setBuzzer
 277              		.loc 1 56 0
 278 0142 0120     		mov	r0, #1
 279 0144 0021     		mov	r1, #0
 280 0146 FFF7FEFF 		bl	setLED
ARM GAS  /cygdrive/c/Users/embedded/AppData/Local/Temp/ccj6lmcD.s 			page 9


 281              		.loc 1 57 0
 282 014a 0121     		mov	r1, #1
 283 014c 0220     		mov	r0, #2
 284 014e FFF7FEFF 		bl	setLED
 285              		.loc 1 58 0
 286 0152 0120     		mov	r0, #1
 287 0154 FFF7FEFF 		bl	osSleep
 288              		.loc 1 60 0
 289 0158 0020     		mov	r0, #0
 290 015a FFF7FEFF 		bl	setBuzzer
 291              		.loc 1 61 0
 292 015e 0120     		mov	r0, #1
 293 0160 0121     		mov	r1, #1
 294 0162 FFF7FEFF 		bl	setLED
 295              		.loc 1 62 0
 296 0166 0220     		mov	r0, #2
 297 0168 0021     		mov	r1, #0
 298 016a FFF7FEFF 		bl	setLED
 299              		.loc 1 63 0
 300 016e 0120     		mov	r0, #1
 301 0170 FFF7FEFF 		bl	osSleep
 302              		.loc 1 53 0
 303 0174 631C     		add	r3, r4, #1
 304 0176 1B06     		lsl	r3, r3, #24
 305 0178 1C0E     		lsr	r4, r3, #24
 306 017a 032C     		cmp	r4, #3
 307 017c DED1     		bne	.L15
 308              		.loc 1 65 0
 309 017e 0A20     		mov	r0, #10
 310 0180 FFF7FEFF 		bl	osSleep
 311              		.loc 1 51 0
 312 0184 6B1C     		add	r3, r5, #1
 313 0186 1B06     		lsl	r3, r3, #24
 314 0188 1D0E     		lsr	r5, r3, #24
 315 018a 032D     		cmp	r5, #3
 316 018c C5D0     		beq	.L19
 317              	.LVL11:
 318              	.L14:
 319              		.loc 1 76 0
 320 018e 0024     		mov	r4, #0
 321 0190 D4E7     		b	.L15
 322              	.LFE3:
 323              		.size	proc1, .-proc1
 324              		.bss
 325              	proc1Stack:
 326 0000 00000000 		.space	800
 326      00000000 
 326      00000000 
 326      00000000 
 326      00000000 
 327              	initStack:
 328 0320 00000000 		.space	600
 328      00000000 
 328      00000000 
 328      00000000 
 328      00000000 
 329              	pid1:
ARM GAS  /cygdrive/c/Users/embedded/AppData/Local/Temp/ccj6lmcD.s 			page 10


 330 0578 00       		.space	1
 331              		.comm	ms,4,4
 332              		.section	.debug_frame,"",%progbits
 333              	.Lframe0:
 334 0000 0C000000 		.4byte	.LECIE0-.LSCIE0
 335              	.LSCIE0:
 336 0004 FFFFFFFF 		.4byte	0xffffffff
 337 0008 01       		.byte	0x1
 338 0009 00       		.ascii	"\000"
 339 000a 01       		.uleb128 0x1
 340 000b 7C       		.sleb128 -4
 341 000c 0E       		.byte	0xe
 342 000d 0C       		.byte	0xc
 343 000e 0D       		.uleb128 0xd
 344 000f 00       		.uleb128 0x0
 345              		.align	2
 346              	.LECIE0:
 347              	.LSFDE0:
 348 0010 0C000000 		.4byte	.LEFDE0-.LASFDE0
 349              	.LASFDE0:
 350 0014 00000000 		.4byte	.Lframe0
 351 0018 00000000 		.4byte	.LFB5
 352 001c 10000000 		.4byte	.LFE5-.LFB5
 353              		.align	2
 354              	.LEFDE0:
 355              	.LSFDE2:
 356 0020 18000000 		.4byte	.LEFDE2-.LASFDE2
 357              	.LASFDE2:
 358 0024 00000000 		.4byte	.Lframe0
 359 0028 10000000 		.4byte	.LFB2
 360 002c 4C000000 		.4byte	.LFE2-.LFB2
 361 0030 42       		.byte	0x4
 362              		.4byte	.LCFI0-.LFB2
 363 0031 0E       		.byte	0xe
 364 0032 0C       		.uleb128 0xc
 365 0033 84       		.byte	0x84
 366 0034 03       		.uleb128 0x3
 367 0035 85       		.byte	0x85
 368 0036 02       		.uleb128 0x2
 369 0037 8E       		.byte	0x8e
 370 0038 01       		.uleb128 0x1
 371 0039 42       		.byte	0x4
 372              		.4byte	.LCFI1-.LCFI0
 373 003a 0E       		.byte	0xe
 374 003b 1C       		.uleb128 0x1c
 375              		.align	2
 376              	.LEFDE2:
 377              	.LSFDE4:
 378 003c 18000000 		.4byte	.LEFDE4-.LASFDE4
 379              	.LASFDE4:
 380 0040 00000000 		.4byte	.Lframe0
 381 0044 5C000000 		.4byte	.LFB4
 382 0048 B8000000 		.4byte	.LFE4-.LFB4
 383 004c 42       		.byte	0x4
 384              		.4byte	.LCFI2-.LFB4
 385 004d 0E       		.byte	0xe
 386 004e 0C       		.uleb128 0xc
ARM GAS  /cygdrive/c/Users/embedded/AppData/Local/Temp/ccj6lmcD.s 			page 11


 387 004f 84       		.byte	0x84
 388 0050 03       		.uleb128 0x3
 389 0051 85       		.byte	0x85
 390 0052 02       		.uleb128 0x2
 391 0053 8E       		.byte	0x8e
 392 0054 01       		.uleb128 0x1
 393 0055 42       		.byte	0x4
 394              		.4byte	.LCFI3-.LCFI2
 395 0056 0E       		.byte	0xe
 396 0057 1C       		.uleb128 0x1c
 397              		.align	2
 398              	.LEFDE4:
 399              	.LSFDE6:
 400 0058 18000000 		.4byte	.LEFDE6-.LASFDE6
 401              	.LASFDE6:
 402 005c 00000000 		.4byte	.Lframe0
 403 0060 14010000 		.4byte	.LFB3
 404 0064 7E000000 		.4byte	.LFE3-.LFB3
 405 0068 42       		.byte	0x4
 406              		.4byte	.LCFI4-.LFB3
 407 0069 0E       		.byte	0xe
 408 006a 0C       		.uleb128 0xc
 409 006b 84       		.byte	0x84
 410 006c 03       		.uleb128 0x3
 411 006d 85       		.byte	0x85
 412 006e 02       		.uleb128 0x2
 413 006f 8E       		.byte	0x8e
 414 0070 01       		.uleb128 0x1
 415 0071 000000   		.align	2
 416              	.LEFDE6:
 417              		.file 2 "./startup/../pre_emptive_os/api/../api/general.h"
 418              		.text
 419              	.Letext0:
 420 0192 C046     		.section	.debug_loc,"",%progbits
 421              	.Ldebug_loc0:
 422              	.LLST1:
 423 0000 10000000 		.4byte	.LFB2-.Ltext0
 424 0004 12000000 		.4byte	.LCFI0-.Ltext0
 425 0008 0100     		.2byte	0x1
 426 000a 5D       		.byte	0x5d
 427 000b 12000000 		.4byte	.LCFI0-.Ltext0
 428 000f 14000000 		.4byte	.LCFI1-.Ltext0
 429 0013 0200     		.2byte	0x2
 430 0015 7D       		.byte	0x7d
 431 0016 0C       		.sleb128 12
 432 0017 14000000 		.4byte	.LCFI1-.Ltext0
 433 001b 5C000000 		.4byte	.LFE2-.Ltext0
 434 001f 0200     		.2byte	0x2
 435 0021 7D       		.byte	0x7d
 436 0022 1C       		.sleb128 28
 437 0023 00000000 		.4byte	0x0
 438 0027 00000000 		.4byte	0x0
 439              	.LLST2:
 440 002b 5C000000 		.4byte	.LFB4-.Ltext0
 441 002f 5E000000 		.4byte	.LCFI2-.Ltext0
 442 0033 0100     		.2byte	0x1
 443 0035 5D       		.byte	0x5d
ARM GAS  /cygdrive/c/Users/embedded/AppData/Local/Temp/ccj6lmcD.s 			page 12


 444 0036 5E000000 		.4byte	.LCFI2-.Ltext0
 445 003a 60000000 		.4byte	.LCFI3-.Ltext0
 446 003e 0200     		.2byte	0x2
 447 0040 7D       		.byte	0x7d
 448 0041 0C       		.sleb128 12
 449 0042 60000000 		.4byte	.LCFI3-.Ltext0
 450 0046 14010000 		.4byte	.LFE4-.Ltext0
 451 004a 0200     		.2byte	0x2
 452 004c 7D       		.byte	0x7d
 453 004d 1C       		.sleb128 28
 454 004e 00000000 		.4byte	0x0
 455 0052 00000000 		.4byte	0x0
 456              	.LLST3:
 457 0056 5E000000 		.4byte	.LVL2-.Ltext0
 458 005a 64000000 		.4byte	.LVL3-.Ltext0
 459 005e 0100     		.2byte	0x1
 460 0060 50       		.byte	0x50
 461 0061 00000000 		.4byte	0x0
 462 0065 00000000 		.4byte	0x0
 463              	.LLST4:
 464 0069 14010000 		.4byte	.LFB3-.Ltext0
 465 006d 16010000 		.4byte	.LCFI4-.Ltext0
 466 0071 0100     		.2byte	0x1
 467 0073 5D       		.byte	0x5d
 468 0074 16010000 		.4byte	.LCFI4-.Ltext0
 469 0078 92010000 		.4byte	.LFE3-.Ltext0
 470 007c 0200     		.2byte	0x2
 471 007e 7D       		.byte	0x7d
 472 007f 0C       		.sleb128 12
 473 0080 00000000 		.4byte	0x0
 474 0084 00000000 		.4byte	0x0
 475              	.LLST5:
 476 0088 16010000 		.4byte	.LVL4-.Ltext0
 477 008c 1A010000 		.4byte	.LVL6-.Ltext0
 478 0090 0100     		.2byte	0x1
 479 0092 50       		.byte	0x50
 480 0093 3C010000 		.4byte	.LVL9-.Ltext0
 481 0097 3E010000 		.4byte	.LVL10-.Ltext0
 482 009b 0100     		.2byte	0x1
 483 009d 50       		.byte	0x50
 484 009e 8E010000 		.4byte	.LVL11-.Ltext0
 485 00a2 92010000 		.4byte	.LFE3-.Ltext0
 486 00a6 0100     		.2byte	0x1
 487 00a8 50       		.byte	0x50
 488 00a9 00000000 		.4byte	0x0
 489 00ad 00000000 		.4byte	0x0
 490              	.LLST6:
 491 00b1 18010000 		.4byte	.LVL5-.Ltext0
 492 00b5 36010000 		.4byte	.LVL8-.Ltext0
 493 00b9 0100     		.2byte	0x1
 494 00bb 55       		.byte	0x55
 495 00bc 3C010000 		.4byte	.LVL9-.Ltext0
 496 00c0 92010000 		.4byte	.LFE3-.Ltext0
 497 00c4 0100     		.2byte	0x1
 498 00c6 55       		.byte	0x55
 499 00c7 00000000 		.4byte	0x0
 500 00cb 00000000 		.4byte	0x0
ARM GAS  /cygdrive/c/Users/embedded/AppData/Local/Temp/ccj6lmcD.s 			page 13


 501              	.LLST7:
 502 00cf 1A010000 		.4byte	.LVL6-.Ltext0
 503 00d3 36010000 		.4byte	.LVL7-.Ltext0
 504 00d7 0100     		.2byte	0x1
 505 00d9 54       		.byte	0x54
 506 00da 3C010000 		.4byte	.LVL9-.Ltext0
 507 00de 92010000 		.4byte	.LFE3-.Ltext0
 508 00e2 0100     		.2byte	0x1
 509 00e4 54       		.byte	0x54
 510 00e5 00000000 		.4byte	0x0
 511 00e9 00000000 		.4byte	0x0
 512              		.section	.debug_info
 513 0000 D0010000 		.4byte	0x1d0
 514 0004 0200     		.2byte	0x2
 515 0006 00000000 		.4byte	.Ldebug_abbrev0
 516 000a 04       		.byte	0x4
 517 000b 01       		.uleb128 0x1
 518 000c 00000000 		.4byte	.Ldebug_line0
 519 0010 92010000 		.4byte	.Letext0
 520 0014 00000000 		.4byte	.Ltext0
 521 0018 DE000000 		.4byte	.LASF20
 522 001c 01       		.byte	0x1
 523 001d A9000000 		.4byte	.LASF21
 524 0021 65000000 		.4byte	.LASF22
 525 0025 02       		.uleb128 0x2
 526 0026 74553800 		.ascii	"tU8\000"
 527 002a 02       		.byte	0x2
 528 002b 47       		.byte	0x47
 529 002c 30000000 		.4byte	0x30
 530 0030 03       		.uleb128 0x3
 531 0031 D0000000 		.4byte	.LASF0
 532 0035 01       		.byte	0x1
 533 0036 08       		.byte	0x8
 534 0037 03       		.uleb128 0x3
 535 0038 91000000 		.4byte	.LASF1
 536 003c 02       		.byte	0x2
 537 003d 07       		.byte	0x7
 538 003e 04       		.uleb128 0x4
 539 003f B0000000 		.4byte	.LASF2
 540 0043 02       		.byte	0x2
 541 0044 49       		.byte	0x49
 542 0045 49000000 		.4byte	0x49
 543 0049 03       		.uleb128 0x3
 544 004a 46000000 		.4byte	.LASF3
 545 004e 04       		.byte	0x4
 546 004f 07       		.byte	0x7
 547 0050 03       		.uleb128 0x3
 548 0051 0C000000 		.4byte	.LASF4
 549 0055 01       		.byte	0x1
 550 0056 06       		.byte	0x6
 551 0057 03       		.uleb128 0x3
 552 0058 EA000000 		.4byte	.LASF5
 553 005c 02       		.byte	0x2
 554 005d 05       		.byte	0x5
 555 005e 05       		.uleb128 0x5
 556 005f 696E7400 		.ascii	"int\000"
 557 0063 04       		.byte	0x4
ARM GAS  /cygdrive/c/Users/embedded/AppData/Local/Temp/ccj6lmcD.s 			page 14


 558 0064 05       		.byte	0x5
 559 0065 03       		.uleb128 0x3
 560 0066 53000000 		.4byte	.LASF6
 561 006a 04       		.byte	0x4
 562 006b 07       		.byte	0x7
 563 006c 06       		.uleb128 0x6
 564 006d 04       		.byte	0x4
 565 006e 03       		.uleb128 0x3
 566 006f 53000000 		.4byte	.LASF6
 567 0073 04       		.byte	0x4
 568 0074 07       		.byte	0x7
 569 0075 03       		.uleb128 0x3
 570 0076 3D000000 		.4byte	.LASF7
 571 007a 04       		.byte	0x4
 572 007b 05       		.byte	0x5
 573 007c 03       		.uleb128 0x3
 574 007d 2F000000 		.4byte	.LASF8
 575 0081 08       		.byte	0x8
 576 0082 05       		.byte	0x5
 577 0083 03       		.uleb128 0x3
 578 0084 FD000000 		.4byte	.LASF9
 579 0088 01       		.byte	0x1
 580 0089 08       		.byte	0x8
 581 008a 03       		.uleb128 0x3
 582 008b 18000000 		.4byte	.LASF10
 583 008f 08       		.byte	0x8
 584 0090 07       		.byte	0x7
 585 0091 07       		.uleb128 0x7
 586 0092 B6000000 		.4byte	0xb6
 587 0096 01       		.byte	0x1
 588 0097 02010000 		.4byte	.LASF11
 589 009b 01       		.byte	0x1
 590 009c 68       		.byte	0x68
 591 009d 01       		.byte	0x1
 592 009e 00000000 		.4byte	.LFB5
 593 00a2 10000000 		.4byte	.LFE5
 594 00a6 01       		.byte	0x1
 595 00a7 5D       		.byte	0x5d
 596 00a8 08       		.uleb128 0x8
 597 00a9 00000000 		.4byte	.LASF14
 598 00ad 01       		.byte	0x1
 599 00ae 67       		.byte	0x67
 600 00af 3E000000 		.4byte	0x3e
 601 00b3 01       		.byte	0x1
 602 00b4 50       		.byte	0x50
 603 00b5 00       		.byte	0x0
 604 00b6 09       		.uleb128 0x9
 605 00b7 F0000000 		.4byte	0xf0
 606 00bb 01       		.byte	0x1
 607 00bc 0A010000 		.4byte	.LASF12
 608 00c0 01       		.byte	0x1
 609 00c1 1F       		.byte	0x1f
 610 00c2 01       		.byte	0x1
 611 00c3 5E000000 		.4byte	0x5e
 612 00c7 10000000 		.4byte	.LFB2
 613 00cb 5C000000 		.4byte	.LFE2
 614 00cf 00000000 		.4byte	.LLST1
ARM GAS  /cygdrive/c/Users/embedded/AppData/Local/Temp/ccj6lmcD.s 			page 15


 615 00d3 0A       		.uleb128 0xa
 616 00d4 CA000000 		.4byte	.LASF13
 617 00d8 01       		.byte	0x1
 618 00d9 20       		.byte	0x20
 619 00da 25000000 		.4byte	0x25
 620 00de 02       		.byte	0x2
 621 00df 91       		.byte	0x91
 622 00e0 73       		.sleb128 -13
 623 00e1 0B       		.uleb128 0xb
 624 00e2 70696400 		.ascii	"pid\000"
 625 00e6 01       		.byte	0x1
 626 00e7 21       		.byte	0x21
 627 00e8 25000000 		.4byte	0x25
 628 00ec 02       		.byte	0x2
 629 00ed 75       		.byte	0x75
 630 00ee 00       		.sleb128 0
 631 00ef 00       		.byte	0x0
 632 00f0 0C       		.uleb128 0xc
 633 00f1 26010000 		.4byte	0x126
 634 00f5 F4000000 		.4byte	.LASF15
 635 00f9 01       		.byte	0x1
 636 00fa 50       		.byte	0x50
 637 00fb 01       		.byte	0x1
 638 00fc 5C000000 		.4byte	.LFB4
 639 0100 14010000 		.4byte	.LFE4
 640 0104 2B000000 		.4byte	.LLST2
 641 0108 0D       		.uleb128 0xd
 642 0109 61726700 		.ascii	"arg\000"
 643 010d 01       		.byte	0x1
 644 010e 4F       		.byte	0x4f
 645 010f 6C000000 		.4byte	0x6c
 646 0113 56000000 		.4byte	.LLST3
 647 0117 0A       		.uleb128 0xa
 648 0118 CA000000 		.4byte	.LASF13
 649 011c 01       		.byte	0x1
 650 011d 51       		.byte	0x51
 651 011e 25000000 		.4byte	0x25
 652 0122 02       		.byte	0x2
 653 0123 91       		.byte	0x91
 654 0124 73       		.sleb128 -13
 655 0125 00       		.byte	0x0
 656 0126 0C       		.uleb128 0xc
 657 0127 68010000 		.4byte	0x168
 658 012b 0F010000 		.4byte	.LASF16
 659 012f 01       		.byte	0x1
 660 0130 2F       		.byte	0x2f
 661 0131 01       		.byte	0x1
 662 0132 14010000 		.4byte	.LFB3
 663 0136 92010000 		.4byte	.LFE3
 664 013a 69000000 		.4byte	.LLST4
 665 013e 0D       		.uleb128 0xd
 666 013f 61726700 		.ascii	"arg\000"
 667 0143 01       		.byte	0x1
 668 0144 2E       		.byte	0x2e
 669 0145 6C000000 		.4byte	0x6c
 670 0149 88000000 		.4byte	.LLST5
 671 014d 0E       		.uleb128 0xe
ARM GAS  /cygdrive/c/Users/embedded/AppData/Local/Temp/ccj6lmcD.s 			page 16


 672 014e 6900     		.ascii	"i\000"
 673 0150 01       		.byte	0x1
 674 0151 31       		.byte	0x31
 675 0152 25000000 		.4byte	0x25
 676 0156 B1000000 		.4byte	.LLST6
 677 015a 0E       		.uleb128 0xe
 678 015b 6A00     		.ascii	"j\000"
 679 015d 01       		.byte	0x1
 680 015e 31       		.byte	0x31
 681 015f 25000000 		.4byte	0x25
 682 0163 CF000000 		.4byte	.LLST7
 683 0167 00       		.byte	0x0
 684 0168 0F       		.uleb128 0xf
 685 0169 79010000 		.4byte	0x179
 686 016d 25000000 		.4byte	0x25
 687 0171 10       		.uleb128 0x10
 688 0172 65000000 		.4byte	0x65
 689 0176 1F03     		.2byte	0x31f
 690 0178 00       		.byte	0x0
 691 0179 0A       		.uleb128 0xa
 692 017a BF000000 		.4byte	.LASF17
 693 017e 01       		.byte	0x1
 694 017f 16       		.byte	0x16
 695 0180 68010000 		.4byte	0x168
 696 0184 05       		.byte	0x5
 697 0185 03       		.byte	0x3
 698 0186 00000000 		.4byte	proc1Stack
 699 018a 0F       		.uleb128 0xf
 700 018b 9B010000 		.4byte	0x19b
 701 018f 25000000 		.4byte	0x25
 702 0193 10       		.uleb128 0x10
 703 0194 65000000 		.4byte	0x65
 704 0198 5702     		.2byte	0x257
 705 019a 00       		.byte	0x0
 706 019b 0A       		.uleb128 0xa
 707 019c B5000000 		.4byte	.LASF18
 708 01a0 01       		.byte	0x1
 709 01a1 17       		.byte	0x17
 710 01a2 8A010000 		.4byte	0x18a
 711 01a6 05       		.byte	0x5
 712 01a7 03       		.byte	0x3
 713 01a8 20030000 		.4byte	initStack
 714 01ac 0A       		.uleb128 0xa
 715 01ad A4000000 		.4byte	.LASF19
 716 01b1 01       		.byte	0x1
 717 01b2 18       		.byte	0x18
 718 01b3 25000000 		.4byte	0x25
 719 01b7 05       		.byte	0x5
 720 01b8 03       		.byte	0x3
 721 01b9 78050000 		.4byte	pid1
 722 01bd 11       		.uleb128 0x11
 723 01be 6D7300   		.ascii	"ms\000"
 724 01c1 01       		.byte	0x1
 725 01c2 14       		.byte	0x14
 726 01c3 CE010000 		.4byte	0x1ce
 727 01c7 01       		.byte	0x1
 728 01c8 05       		.byte	0x5
ARM GAS  /cygdrive/c/Users/embedded/AppData/Local/Temp/ccj6lmcD.s 			page 17


 729 01c9 03       		.byte	0x3
 730 01ca 00000000 		.4byte	ms
 731 01ce 12       		.uleb128 0x12
 732 01cf 3E000000 		.4byte	0x3e
 733 01d3 00       		.byte	0x0
 734              		.section	.debug_abbrev
 735 0000 01       		.uleb128 0x1
 736 0001 11       		.uleb128 0x11
 737 0002 01       		.byte	0x1
 738 0003 10       		.uleb128 0x10
 739 0004 06       		.uleb128 0x6
 740 0005 12       		.uleb128 0x12
 741 0006 01       		.uleb128 0x1
 742 0007 11       		.uleb128 0x11
 743 0008 01       		.uleb128 0x1
 744 0009 25       		.uleb128 0x25
 745 000a 0E       		.uleb128 0xe
 746 000b 13       		.uleb128 0x13
 747 000c 0B       		.uleb128 0xb
 748 000d 03       		.uleb128 0x3
 749 000e 0E       		.uleb128 0xe
 750 000f 1B       		.uleb128 0x1b
 751 0010 0E       		.uleb128 0xe
 752 0011 00       		.byte	0x0
 753 0012 00       		.byte	0x0
 754 0013 02       		.uleb128 0x2
 755 0014 16       		.uleb128 0x16
 756 0015 00       		.byte	0x0
 757 0016 03       		.uleb128 0x3
 758 0017 08       		.uleb128 0x8
 759 0018 3A       		.uleb128 0x3a
 760 0019 0B       		.uleb128 0xb
 761 001a 3B       		.uleb128 0x3b
 762 001b 0B       		.uleb128 0xb
 763 001c 49       		.uleb128 0x49
 764 001d 13       		.uleb128 0x13
 765 001e 00       		.byte	0x0
 766 001f 00       		.byte	0x0
 767 0020 03       		.uleb128 0x3
 768 0021 24       		.uleb128 0x24
 769 0022 00       		.byte	0x0
 770 0023 03       		.uleb128 0x3
 771 0024 0E       		.uleb128 0xe
 772 0025 0B       		.uleb128 0xb
 773 0026 0B       		.uleb128 0xb
 774 0027 3E       		.uleb128 0x3e
 775 0028 0B       		.uleb128 0xb
 776 0029 00       		.byte	0x0
 777 002a 00       		.byte	0x0
 778 002b 04       		.uleb128 0x4
 779 002c 16       		.uleb128 0x16
 780 002d 00       		.byte	0x0
 781 002e 03       		.uleb128 0x3
 782 002f 0E       		.uleb128 0xe
 783 0030 3A       		.uleb128 0x3a
 784 0031 0B       		.uleb128 0xb
 785 0032 3B       		.uleb128 0x3b
ARM GAS  /cygdrive/c/Users/embedded/AppData/Local/Temp/ccj6lmcD.s 			page 18


 786 0033 0B       		.uleb128 0xb
 787 0034 49       		.uleb128 0x49
 788 0035 13       		.uleb128 0x13
 789 0036 00       		.byte	0x0
 790 0037 00       		.byte	0x0
 791 0038 05       		.uleb128 0x5
 792 0039 24       		.uleb128 0x24
 793 003a 00       		.byte	0x0
 794 003b 03       		.uleb128 0x3
 795 003c 08       		.uleb128 0x8
 796 003d 0B       		.uleb128 0xb
 797 003e 0B       		.uleb128 0xb
 798 003f 3E       		.uleb128 0x3e
 799 0040 0B       		.uleb128 0xb
 800 0041 00       		.byte	0x0
 801 0042 00       		.byte	0x0
 802 0043 06       		.uleb128 0x6
 803 0044 0F       		.uleb128 0xf
 804 0045 00       		.byte	0x0
 805 0046 0B       		.uleb128 0xb
 806 0047 0B       		.uleb128 0xb
 807 0048 00       		.byte	0x0
 808 0049 00       		.byte	0x0
 809 004a 07       		.uleb128 0x7
 810 004b 2E       		.uleb128 0x2e
 811 004c 01       		.byte	0x1
 812 004d 01       		.uleb128 0x1
 813 004e 13       		.uleb128 0x13
 814 004f 3F       		.uleb128 0x3f
 815 0050 0C       		.uleb128 0xc
 816 0051 03       		.uleb128 0x3
 817 0052 0E       		.uleb128 0xe
 818 0053 3A       		.uleb128 0x3a
 819 0054 0B       		.uleb128 0xb
 820 0055 3B       		.uleb128 0x3b
 821 0056 0B       		.uleb128 0xb
 822 0057 27       		.uleb128 0x27
 823 0058 0C       		.uleb128 0xc
 824 0059 11       		.uleb128 0x11
 825 005a 01       		.uleb128 0x1
 826 005b 12       		.uleb128 0x12
 827 005c 01       		.uleb128 0x1
 828 005d 40       		.uleb128 0x40
 829 005e 0A       		.uleb128 0xa
 830 005f 00       		.byte	0x0
 831 0060 00       		.byte	0x0
 832 0061 08       		.uleb128 0x8
 833 0062 05       		.uleb128 0x5
 834 0063 00       		.byte	0x0
 835 0064 03       		.uleb128 0x3
 836 0065 0E       		.uleb128 0xe
 837 0066 3A       		.uleb128 0x3a
 838 0067 0B       		.uleb128 0xb
 839 0068 3B       		.uleb128 0x3b
 840 0069 0B       		.uleb128 0xb
 841 006a 49       		.uleb128 0x49
 842 006b 13       		.uleb128 0x13
ARM GAS  /cygdrive/c/Users/embedded/AppData/Local/Temp/ccj6lmcD.s 			page 19


 843 006c 02       		.uleb128 0x2
 844 006d 0A       		.uleb128 0xa
 845 006e 00       		.byte	0x0
 846 006f 00       		.byte	0x0
 847 0070 09       		.uleb128 0x9
 848 0071 2E       		.uleb128 0x2e
 849 0072 01       		.byte	0x1
 850 0073 01       		.uleb128 0x1
 851 0074 13       		.uleb128 0x13
 852 0075 3F       		.uleb128 0x3f
 853 0076 0C       		.uleb128 0xc
 854 0077 03       		.uleb128 0x3
 855 0078 0E       		.uleb128 0xe
 856 0079 3A       		.uleb128 0x3a
 857 007a 0B       		.uleb128 0xb
 858 007b 3B       		.uleb128 0x3b
 859 007c 0B       		.uleb128 0xb
 860 007d 27       		.uleb128 0x27
 861 007e 0C       		.uleb128 0xc
 862 007f 49       		.uleb128 0x49
 863 0080 13       		.uleb128 0x13
 864 0081 11       		.uleb128 0x11
 865 0082 01       		.uleb128 0x1
 866 0083 12       		.uleb128 0x12
 867 0084 01       		.uleb128 0x1
 868 0085 40       		.uleb128 0x40
 869 0086 06       		.uleb128 0x6
 870 0087 00       		.byte	0x0
 871 0088 00       		.byte	0x0
 872 0089 0A       		.uleb128 0xa
 873 008a 34       		.uleb128 0x34
 874 008b 00       		.byte	0x0
 875 008c 03       		.uleb128 0x3
 876 008d 0E       		.uleb128 0xe
 877 008e 3A       		.uleb128 0x3a
 878 008f 0B       		.uleb128 0xb
 879 0090 3B       		.uleb128 0x3b
 880 0091 0B       		.uleb128 0xb
 881 0092 49       		.uleb128 0x49
 882 0093 13       		.uleb128 0x13
 883 0094 02       		.uleb128 0x2
 884 0095 0A       		.uleb128 0xa
 885 0096 00       		.byte	0x0
 886 0097 00       		.byte	0x0
 887 0098 0B       		.uleb128 0xb
 888 0099 34       		.uleb128 0x34
 889 009a 00       		.byte	0x0
 890 009b 03       		.uleb128 0x3
 891 009c 08       		.uleb128 0x8
 892 009d 3A       		.uleb128 0x3a
 893 009e 0B       		.uleb128 0xb
 894 009f 3B       		.uleb128 0x3b
 895 00a0 0B       		.uleb128 0xb
 896 00a1 49       		.uleb128 0x49
 897 00a2 13       		.uleb128 0x13
 898 00a3 02       		.uleb128 0x2
 899 00a4 0A       		.uleb128 0xa
ARM GAS  /cygdrive/c/Users/embedded/AppData/Local/Temp/ccj6lmcD.s 			page 20


 900 00a5 00       		.byte	0x0
 901 00a6 00       		.byte	0x0
 902 00a7 0C       		.uleb128 0xc
 903 00a8 2E       		.uleb128 0x2e
 904 00a9 01       		.byte	0x1
 905 00aa 01       		.uleb128 0x1
 906 00ab 13       		.uleb128 0x13
 907 00ac 03       		.uleb128 0x3
 908 00ad 0E       		.uleb128 0xe
 909 00ae 3A       		.uleb128 0x3a
 910 00af 0B       		.uleb128 0xb
 911 00b0 3B       		.uleb128 0x3b
 912 00b1 0B       		.uleb128 0xb
 913 00b2 27       		.uleb128 0x27
 914 00b3 0C       		.uleb128 0xc
 915 00b4 11       		.uleb128 0x11
 916 00b5 01       		.uleb128 0x1
 917 00b6 12       		.uleb128 0x12
 918 00b7 01       		.uleb128 0x1
 919 00b8 40       		.uleb128 0x40
 920 00b9 06       		.uleb128 0x6
 921 00ba 00       		.byte	0x0
 922 00bb 00       		.byte	0x0
 923 00bc 0D       		.uleb128 0xd
 924 00bd 05       		.uleb128 0x5
 925 00be 00       		.byte	0x0
 926 00bf 03       		.uleb128 0x3
 927 00c0 08       		.uleb128 0x8
 928 00c1 3A       		.uleb128 0x3a
 929 00c2 0B       		.uleb128 0xb
 930 00c3 3B       		.uleb128 0x3b
 931 00c4 0B       		.uleb128 0xb
 932 00c5 49       		.uleb128 0x49
 933 00c6 13       		.uleb128 0x13
 934 00c7 02       		.uleb128 0x2
 935 00c8 06       		.uleb128 0x6
 936 00c9 00       		.byte	0x0
 937 00ca 00       		.byte	0x0
 938 00cb 0E       		.uleb128 0xe
 939 00cc 34       		.uleb128 0x34
 940 00cd 00       		.byte	0x0
 941 00ce 03       		.uleb128 0x3
 942 00cf 08       		.uleb128 0x8
 943 00d0 3A       		.uleb128 0x3a
 944 00d1 0B       		.uleb128 0xb
 945 00d2 3B       		.uleb128 0x3b
 946 00d3 0B       		.uleb128 0xb
 947 00d4 49       		.uleb128 0x49
 948 00d5 13       		.uleb128 0x13
 949 00d6 02       		.uleb128 0x2
 950 00d7 06       		.uleb128 0x6
 951 00d8 00       		.byte	0x0
 952 00d9 00       		.byte	0x0
 953 00da 0F       		.uleb128 0xf
 954 00db 01       		.uleb128 0x1
 955 00dc 01       		.byte	0x1
 956 00dd 01       		.uleb128 0x1
ARM GAS  /cygdrive/c/Users/embedded/AppData/Local/Temp/ccj6lmcD.s 			page 21


 957 00de 13       		.uleb128 0x13
 958 00df 49       		.uleb128 0x49
 959 00e0 13       		.uleb128 0x13
 960 00e1 00       		.byte	0x0
 961 00e2 00       		.byte	0x0
 962 00e3 10       		.uleb128 0x10
 963 00e4 21       		.uleb128 0x21
 964 00e5 00       		.byte	0x0
 965 00e6 49       		.uleb128 0x49
 966 00e7 13       		.uleb128 0x13
 967 00e8 2F       		.uleb128 0x2f
 968 00e9 05       		.uleb128 0x5
 969 00ea 00       		.byte	0x0
 970 00eb 00       		.byte	0x0
 971 00ec 11       		.uleb128 0x11
 972 00ed 34       		.uleb128 0x34
 973 00ee 00       		.byte	0x0
 974 00ef 03       		.uleb128 0x3
 975 00f0 08       		.uleb128 0x8
 976 00f1 3A       		.uleb128 0x3a
 977 00f2 0B       		.uleb128 0xb
 978 00f3 3B       		.uleb128 0x3b
 979 00f4 0B       		.uleb128 0xb
 980 00f5 49       		.uleb128 0x49
 981 00f6 13       		.uleb128 0x13
 982 00f7 3F       		.uleb128 0x3f
 983 00f8 0C       		.uleb128 0xc
 984 00f9 02       		.uleb128 0x2
 985 00fa 0A       		.uleb128 0xa
 986 00fb 00       		.byte	0x0
 987 00fc 00       		.byte	0x0
 988 00fd 12       		.uleb128 0x12
 989 00fe 35       		.uleb128 0x35
 990 00ff 00       		.byte	0x0
 991 0100 49       		.uleb128 0x49
 992 0101 13       		.uleb128 0x13
 993 0102 00       		.byte	0x0
 994 0103 00       		.byte	0x0
 995 0104 00       		.byte	0x0
 996              		.section	.debug_pubnames,"",%progbits
 997 0000 2A000000 		.4byte	0x2a
 998 0004 0200     		.2byte	0x2
 999 0006 00000000 		.4byte	.Ldebug_info0
 1000 000a D4010000 		.4byte	0x1d4
 1001 000e 91000000 		.4byte	0x91
 1002 0012 61707054 		.ascii	"appTick\000"
 1002      69636B00 
 1003 001a B6000000 		.4byte	0xb6
 1004 001e 6D61696E 		.ascii	"main\000"
 1004      00
 1005 0023 BD010000 		.4byte	0x1bd
 1006 0027 6D7300   		.ascii	"ms\000"
 1007 002a 00000000 		.4byte	0x0
 1008              		.section	.debug_aranges,"",%progbits
 1009 0000 1C000000 		.4byte	0x1c
 1010 0004 0200     		.2byte	0x2
 1011 0006 00000000 		.4byte	.Ldebug_info0
ARM GAS  /cygdrive/c/Users/embedded/AppData/Local/Temp/ccj6lmcD.s 			page 22


 1012 000a 04       		.byte	0x4
 1013 000b 00       		.byte	0x0
 1014 000c 0000     		.2byte	0x0
 1015 000e 0000     		.2byte	0x0
 1016 0010 00000000 		.4byte	.Ltext0
 1017 0014 92010000 		.4byte	.Letext0-.Ltext0
 1018 0018 00000000 		.4byte	0x0
 1019 001c 00000000 		.4byte	0x0
 1020              		.section	.debug_str,"MS",%progbits,1
 1021              	.LASF14:
 1022 0000 656C6170 		.ascii	"elapsedTime\000"
 1022      73656454 
 1022      696D6500 
 1023              	.LASF4:
 1024 000c 7369676E 		.ascii	"signed char\000"
 1024      65642063 
 1024      68617200 
 1025              	.LASF10:
 1026 0018 6C6F6E67 		.ascii	"long long unsigned int\000"
 1026      206C6F6E 
 1026      6720756E 
 1026      7369676E 
 1026      65642069 
 1027              	.LASF8:
 1028 002f 6C6F6E67 		.ascii	"long long int\000"
 1028      206C6F6E 
 1028      6720696E 
 1028      7400
 1029              	.LASF7:
 1030 003d 6C6F6E67 		.ascii	"long int\000"
 1030      20696E74 
 1030      00
 1031              	.LASF3:
 1032 0046 756E7369 		.ascii	"unsigned int\000"
 1032      676E6564 
 1032      20696E74 
 1032      00
 1033              	.LASF6:
 1034 0053 6C6F6E67 		.ascii	"long unsigned int\000"
 1034      20756E73 
 1034      69676E65 
 1034      6420696E 
 1034      7400
 1035              	.LASF22:
 1036 0065 2F637967 		.ascii	"/cygdrive/c/Embedded/2104MiniDemo/Gameboard\000"
 1036      64726976 
 1036      652F632F 
 1036      456D6265 
 1036      64646564 
 1037              	.LASF1:
 1038 0091 73686F72 		.ascii	"short unsigned int\000"
 1038      7420756E 
 1038      7369676E 
 1038      65642069 
 1038      6E7400
 1039              	.LASF19:
 1040 00a4 70696431 		.ascii	"pid1\000"
ARM GAS  /cygdrive/c/Users/embedded/AppData/Local/Temp/ccj6lmcD.s 			page 23


 1040      00
 1041              	.LASF21:
 1042 00a9 6D61696E 		.ascii	"main.c\000"
 1042      2E6300
 1043              	.LASF2:
 1044 00b0 74553332 		.ascii	"tU32\000"
 1044      00
 1045              	.LASF18:
 1046 00b5 696E6974 		.ascii	"initStack\000"
 1046      53746163 
 1046      6B00
 1047              	.LASF17:
 1048 00bf 70726F63 		.ascii	"proc1Stack\000"
 1048      31537461 
 1048      636B00
 1049              	.LASF13:
 1050 00ca 6572726F 		.ascii	"error\000"
 1050      7200
 1051              	.LASF0:
 1052 00d0 756E7369 		.ascii	"unsigned char\000"
 1052      676E6564 
 1052      20636861 
 1052      7200
 1053              	.LASF20:
 1054 00de 474E5520 		.ascii	"GNU C 4.1.1\000"
 1054      4320342E 
 1054      312E3100 
 1055              	.LASF5:
 1056 00ea 73686F72 		.ascii	"short int\000"
 1056      7420696E 
 1056      7400
 1057              	.LASF15:
 1058 00f4 696E6974 		.ascii	"initProc\000"
 1058      50726F63 
 1058      00
 1059              	.LASF9:
 1060 00fd 63686172 		.ascii	"char\000"
 1060      00
 1061              	.LASF11:
 1062 0102 61707054 		.ascii	"appTick\000"
 1062      69636B00 
 1063              	.LASF12:
 1064 010a 6D61696E 		.ascii	"main\000"
 1064      00
 1065              	.LASF16:
 1066 010f 70726F63 		.ascii	"proc1\000"
 1066      3100
 1067              		.ident	"GCC: (GNU) 4.1.1"
ARM GAS  /cygdrive/c/Users/embedded/AppData/Local/Temp/ccj6lmcD.s 			page 24


DEFINED SYMBOLS
                            *ABS*:00000000 main.c
/cygdrive/c/Users/embedded/AppData/Local/Temp/ccj6lmcD.s:1      .text:00000000 $t
/cygdrive/c/Users/embedded/AppData/Local/Temp/ccj6lmcD.s:16     .text:00000000 appTick
/cygdrive/c/Users/embedded/AppData/Local/Temp/ccj6lmcD.s:35     .text:0000000c $d
                            *COM*:00000004 ms
/cygdrive/c/Users/embedded/AppData/Local/Temp/ccj6lmcD.s:43     .text:00000010 main
/cygdrive/c/Users/embedded/AppData/Local/Temp/ccj6lmcD.s:40     .text:00000010 $t
/cygdrive/c/Users/embedded/AppData/Local/Temp/ccj6lmcD.s:88     .text:00000054 $d
/cygdrive/c/Users/embedded/AppData/Local/Temp/ccj6lmcD.s:142    .text:0000005c initProc
/cygdrive/c/Users/embedded/AppData/Local/Temp/ccj6lmcD.s:327    .bss:00000320 initStack
/cygdrive/c/Users/embedded/AppData/Local/Temp/ccj6lmcD.s:139    .text:0000005c $t
/cygdrive/c/Users/embedded/AppData/Local/Temp/ccj6lmcD.s:218    .text:000000dc $d
/cygdrive/c/Users/embedded/AppData/Local/Temp/ccj6lmcD.s:329    .bss:00000578 pid1
/cygdrive/c/Users/embedded/AppData/Local/Temp/ccj6lmcD.s:238    .text:00000114 proc1
/cygdrive/c/Users/embedded/AppData/Local/Temp/ccj6lmcD.s:325    .bss:00000000 proc1Stack
/cygdrive/c/Users/embedded/AppData/Local/Temp/ccj6lmcD.s:235    .text:00000114 $t
                             .bss:00000000 $d

UNDEFINED SYMBOLS
osInit
immediateIoInit
osCreateProcess
osStartProcess
osStart
eaInit
simplePrintf
initKeyProc
osDeleteProcess
setLED
resetLCD
lcdInit
drawMainMenu
setBuzzer
osSleep
